
[2025-06-07T13:34:18.239388+00:00] REQUEST to http://10.0.10.140:30100/api/tenants/1749300324788/schema/customers/fields/draft
Payload: {'name': 'customer_id', 'dtype': 'DATE'}
Response Code: 500
Response Body: {"code":100002,"data":null,"description":"internal"}

[2025-06-07T13:51:38.168957+00:00] REQUEST to http://10.0.10.140:30100/api/tenants/1749304238545/schema/customers/fields/draft
Payload: {'name': 'customer_id', 'dtype': 'DATE'}
Response Code: 200
Response Body: {"ID":"762834ca-0750-4d1c-b2b6-36fc32072e53"}


[2025-06-07T13:51:38.181690+00:00] REQUEST to http://10.0.10.140:30100/api/tenants/1749304238545/schema/customers/fields/draft
Payload: {'name': 'external_id', 'dtype': 'DATE'}
Response Code: 200
Response Body: {"ID":"21c2b0fd-dd42-43aa-8908-226d41369f9d"}


[2025-06-07T13:51:38.196547+00:00] REQUEST to http://10.0.10.140:30100/api/tenants/1749304238545/schema/customers/fields/draft
Payload: {'name': 'email', 'dtype': 'VARCHAR_1000'}
Response Code: 200
Response Body: {"ID":"6b06ba43-647f-4ea2-994c-454da9b2a793"}


[2025-06-07T13:51:38.210821+00:00] REQUEST to http://10.0.10.140:30100/api/tenants/1749304238545/schema/customers/fields/draft
Payload: {'name': 'phone_number', 'dtype': 'DATE'}
Response Code: 200
Response Body: {"ID":"6f1fc281-12d6-4846-b2a9-36635534f3e8"}


[2025-06-07T13:51:38.225180+00:00] REQUEST to http://10.0.10.140:30100/api/tenants/1749304238545/schema/customers/fields/draft
Payload: {'name': 'gender', 'dtype': 'VARCHAR_1000'}
Response Code: 500
Response Body: {"code":100002,"data":null,"description":"internal"}

[2025-06-07T13:52:13.980935+00:00] REQUEST to http://10.0.10.140:30100/api/tenants/1749301428633/schema/customers/fields/draft
Payload: {'name': 'customer_id', 'dtype': 'DATE'}
Response Code: 200
Response Body: {"ID":"51b0970a-b4fb-45e7-b58e-8edced199291"}


[2025-06-07T13:52:13.995282+00:00] REQUEST to http://10.0.10.140:30100/api/tenants/1749301428633/schema/customers/fields/draft
Payload: {'name': 'external_id', 'dtype': 'DATE'}
Response Code: 200
Response Body: {"ID":"dae2eecf-9c85-46c6-aedc-e582d8a92816"}


[2025-06-07T13:52:14.009253+00:00] REQUEST to http://10.0.10.140:30100/api/tenants/1749301428633/schema/customers/fields/draft
Payload: {'name': 'email', 'dtype': 'VARCHAR_1000'}
Response Code: 200
Response Body: {"ID":"de76a0f7-35ba-4c42-8442-0f1555627611"}


[2025-06-07T13:52:14.023329+00:00] REQUEST to http://10.0.10.140:30100/api/tenants/1749301428633/schema/customers/fields/draft
Payload: {'name': 'phone_number', 'dtype': 'DATE'}
Response Code: 200
Response Body: {"ID":"33409bc1-edb2-4f99-9114-e92b0112b9ec"}


[2025-06-07T13:52:14.039599+00:00] REQUEST to http://10.0.10.140:30100/api/tenants/1749301428633/schema/customers/fields/draft
Payload: {'name': 'gender', 'dtype': 'VARCHAR_1000'}
Response Code: 500
Response Body: {"code":100002,"data":null,"description":"internal"}

[2025-06-07T14:00:24.670860+00:00] REQUEST to http://10.0.10.140:30100/api/tenants/1749301428633/schema/customers/fields/draft
Payload: {'name': 'customer_id', 'dtype': 'DATE'}
Response Code: 500
Response Body: {"code":100002,"data":null,"description":"internal"}

[2025-06-08T07:40:47.070886+00:00] REQUEST to http://10.0.10.140:30100/api/tenants/1749301428633/schema/customers/fields/draft
Payload: {'name': 'tenant_id', 'dtype': 1749301428633}
Response Code: 400
Response Body: {"error":"error in openapi3filter.RequestError: request body has an error: doesn't match schema #/components/schemas/AddDraftFieldReq: Error at \"/dtype\": value is not one of the allowed values [\"BOOL\",\"BIGINT\",\"DOUBLE\",\"VARCHAR_1000\",\"DATE\",\"DATETIME\"]"}

[2025-06-08T07:44:45.196388+00:00] REQUEST to http://10.0.10.140:30100/api/tenants/1749301428633/schema/customers/fields/draft
Payload: {'name': 'customer_id', 'dtype': 'VARCHAR_1000'}
Response Code: 500
Response Body: {"code":100002,"data":null,"description":"internal"}

[2025-06-08T07:46:23.235555+00:00] REQUEST to http://10.0.10.140:30100/api/tenants/1749368755727/schema/customers/fields/draft
Payload: {'name': 'customer_id', 'dtype': 'VARCHAR_1000'}
Response Code: 200
Response Body: {"ID":"fb61e639-c36c-4526-b879-8a2b5a4282a3"}


[2025-06-08T07:46:23.250569+00:00] REQUEST to http://10.0.10.140:30100/api/tenants/1749368755727/schema/customers/fields/draft
Payload: {'name': 'external_id', 'dtype': 'VARCHAR_1000'}
Response Code: 200
Response Body: {"ID":"40d40005-b17a-45fa-a73b-2559917c2aa5"}


[2025-06-08T07:46:23.263771+00:00] REQUEST to http://10.0.10.140:30100/api/tenants/1749368755727/schema/customers/fields/draft
Payload: {'name': 'email', 'dtype': 'VARCHAR_1000'}
Response Code: 200
Response Body: {"ID":"3d114096-b653-41e6-ad40-174f724bfa17"}


[2025-06-08T07:46:23.278796+00:00] REQUEST to http://10.0.10.140:30100/api/tenants/1749368755727/schema/customers/fields/draft
Payload: {'name': 'phone_number', 'dtype': 'VARCHAR_1000'}
Response Code: 200
Response Body: {"ID":"e358fbe5-d053-4602-b2c8-586862c00272"}


[2025-06-08T07:46:23.291771+00:00] REQUEST to http://10.0.10.140:30100/api/tenants/1749368755727/schema/customers/fields/draft
Payload: {'name': 'gender', 'dtype': 'VARCHAR_1000'}
Response Code: 500
Response Body: {"code":100002,"data":null,"description":"internal"}

[2025-06-08T08:20:46.482204+00:00] REQUEST to http://10.0.10.140:30100/api/tenants/1749368755727/schema/customers/fields/draft
Payload: {'name': 'customer_id', 'dtype': 'VARCHAR_1000'}
Response Code: 500
Response Body: {"code":100002,"data":null,"description":"internal"}

[2025-06-08T08:21:51.542228+00:00] REQUEST to http://10.0.10.140:30100/api/tenants/1749368755727/schema/customers/fields/draft
Payload: {'name': 'customer_id', 'dtype': 'VARCHAR_1000'}
Response Code: 500
Response Body: {"code":100002,"data":null,"description":"internal"}

[2025-06-08T08:21:51.556227+00:00] REQUEST to http://10.0.10.140:30100/api/tenants/1749368755727/schema/customers/fields/draft
Payload: {'name': 'external_id', 'dtype': 'VARCHAR_1000'}
Response Code: 500
Response Body: {"code":100002,"data":null,"description":"internal"}

[2025-06-08T08:21:51.570228+00:00] REQUEST to http://10.0.10.140:30100/api/tenants/1749368755727/schema/customers/fields/draft
Payload: {'name': 'email', 'dtype': 'VARCHAR_1000'}
Response Code: 500
Response Body: {"code":100002,"data":null,"description":"internal"}

[2025-06-08T08:21:51.586228+00:00] REQUEST to http://10.0.10.140:30100/api/tenants/1749368755727/schema/customers/fields/draft
Payload: {'name': 'phone_number', 'dtype': 'VARCHAR_1000'}
Response Code: 500
Response Body: {"code":100002,"data":null,"description":"internal"}

[2025-06-08T08:21:51.600228+00:00] REQUEST to http://10.0.10.140:30100/api/tenants/1749368755727/schema/customers/fields/draft
Payload: {'name': 'gender', 'dtype': 'VARCHAR_1000'}
Response Code: 500
Response Body: {"code":100002,"data":null,"description":"internal"}

[2025-06-08T08:21:51.615227+00:00] REQUEST to http://10.0.10.140:30100/api/tenants/1749368755727/schema/customers/fields/draft
Payload: {'name': 'date_of_birth', 'dtype': 'DATE'}
Response Code: 200
Response Body: {"ID":"03a4c0a9-c562-4534-a83e-21814f569f74"}


[2025-06-08T08:21:51.629227+00:00] REQUEST to http://10.0.10.140:30100/api/tenants/1749368755727/schema/customers/fields/draft
Payload: {'name': 'location', 'dtype': 'VARCHAR_1000'}
Response Code: 200
Response Body: {"ID":"5d64ca0d-c3f6-4f2f-b701-e8df47f89b7d"}


[2025-06-08T08:21:51.642216+00:00] REQUEST to http://10.0.10.140:30100/api/tenants/1749368755727/schema/customers/fields/draft
Payload: {'name': 'postal_code', 'dtype': 'BIGINT'}
Response Code: 200
Response Body: {"ID":"72bf5770-172f-4058-8b1a-c233ce6a8ece"}


[2025-06-08T08:21:51.656220+00:00] REQUEST to http://10.0.10.140:30100/api/tenants/1749368755727/schema/customers/fields/draft
Payload: {'name': 'language', 'dtype': 'VARCHAR_1000'}
Response Code: 200
Response Body: {"ID":"c48bbcc2-d341-4cb0-ac24-2492bb9bfc8c"}


[2025-06-08T08:21:51.670171+00:00] REQUEST to http://10.0.10.140:30100/api/tenants/1749368755727/schema/customers/fields/draft
Payload: {'name': 'preferred_currency', 'dtype': 'VARCHAR_1000'}
Response Code: 200
Response Body: {"ID":"336f508d-ff0d-4dd3-83bc-181e3a13d4d1"}


[2025-06-08T08:21:51.682928+00:00] REQUEST to http://10.0.10.140:30100/api/tenants/1749368755727/schema/customers/fields/draft
Payload: {'name': 'registration_date', 'dtype': 'DATE'}
Response Code: 200
Response Body: {"ID":"e04511ed-f7b4-42f6-b30a-38d55c18274e"}


[2025-06-08T08:21:51.698290+00:00] REQUEST to http://10.0.10.140:30100/api/tenants/1749368755727/schema/customers/fields/draft
Payload: {'name': 'last_login', 'dtype': 'DATETIME'}
Response Code: 200
Response Body: {"ID":"362a3bb1-1d3f-4667-8f74-fbc9871b7e95"}


[2025-06-08T08:21:51.712460+00:00] REQUEST to http://10.0.10.140:30100/api/tenants/1749368755727/schema/customers/fields/draft
Payload: {'name': 'loyalty_status', 'dtype': 'VARCHAR_1000'}
Response Code: 200
Response Body: {"ID":"7582b894-5e86-408b-9526-ca402a8ab17f"}


[2025-06-08T08:21:51.725948+00:00] REQUEST to http://10.0.10.140:30100/api/tenants/1749368755727/schema/customers/fields/draft
Payload: {'name': 'consent_status', 'dtype': 'BOOL'}
Response Code: 200
Response Body: {"ID":"a24fc4c1-5ae0-4172-b4af-7ac4669e9038"}


[2025-06-08T08:21:51.741977+00:00] REQUEST to http://10.0.10.140:30100/api/tenants/1749368755727/schema/customers/fields/draft
Payload: {'name': 'marketing_opt_in', 'dtype': 'BOOL'}
Response Code: 200
Response Body: {"ID":"47e63978-ec6e-4192-90e6-cb7c69f3af30"}


[2025-06-08T08:21:51.756098+00:00] REQUEST to http://10.0.10.140:30100/api/tenants/1749368755727/schema/events/fields/draft
Payload: {'name': 'event_name', 'dtype': 'VARCHAR_1000'}
Response Code: 200
Response Body: {"ID":"d72f0f38-5ee1-4623-8aa1-3aff595ca668"}


[2025-06-08T08:21:51.770168+00:00] REQUEST to http://10.0.10.140:30100/api/tenants/1749368755727/schema/events/fields/draft
Payload: {'name': 'event_timestamp', 'dtype': 'DATETIME'}
Response Code: 200
Response Body: {"ID":"6ebe351f-2a96-4407-a671-ade050a124b0"}


[2025-06-08T08:21:51.785143+00:00] REQUEST to http://10.0.10.140:30100/api/tenants/1749368755727/schema/events/fields/draft
Payload: {'name': 'device_type', 'dtype': 'VARCHAR_1000'}
Response Code: 200
Response Body: {"ID":"fa1caf92-7559-4cae-8c17-e0f9e6cc2742"}


[2025-06-08T08:21:51.800259+00:00] REQUEST to http://10.0.10.140:30100/api/tenants/1749368755727/schema/events/fields/draft
Payload: {'name': 'platform', 'dtype': 'VARCHAR_1000'}
Response Code: 200
Response Body: {"ID":"4ffe2c21-4629-46aa-a309-ea9d9e267e23"}


[2025-06-08T08:21:51.876433+00:00] REQUEST to http://10.0.10.140:30100/api/tenants/1749368755727/schema/events/fields/draft
Payload: {'name': 'location', 'dtype': 'VARCHAR_1000'}
Response Code: 200
Response Body: {"ID":"d15c4d55-125e-4483-bd7c-2bbbaece8220"}


[2025-06-08T08:21:51.892450+00:00] REQUEST to http://10.0.10.140:30100/api/tenants/1749368755727/schema/events/fields/draft
Payload: {'name': 'login_method', 'dtype': 'VARCHAR_1000'}
Response Code: 200
Response Body: {"ID":"f95e43b8-1367-4674-b19f-26f40ae82650"}


[2025-06-08T08:21:51.907459+00:00] REQUEST to http://10.0.10.140:30100/api/tenants/1749368755727/schema/events/fields/draft
Payload: {'name': 'success', 'dtype': 'BOOL'}
Response Code: 200
Response Body: {"ID":"f002f401-89d6-409d-9ea4-9c3d8d5e0cab"}


[2025-06-08T08:21:51.922453+00:00] REQUEST to http://10.0.10.140:30100/api/tenants/1749368755727/schema/events/fields/draft
Payload: {'name': 'ip_address', 'dtype': 'VARCHAR_1000'}
Response Code: 200
Response Body: {"ID":"8b07e80b-a5b3-4368-876e-2cc633345b03"}


[2025-06-08T08:21:51.933455+00:00] REQUEST to http://10.0.10.140:30100/api/tenants/1749368755727/schema/customers/field-mappings
Payload: {'mappings': {'login': ['cart_id', 'category', 'currency', 'device_type', 'duration', 'event_timestamp', 'ip_address', 'items', 'location', 'login_method', 'order_id', 'page_title', 'payment_method', 'platform', 'price', 'product_id', 'product_name', 'quantity', 'referrer_url', 'results_count', 'search_category', 'search_term', 'session_id', 'shipping_address', 'success', 'total_amount', 'url', 'user_id'], 'logout': ['cart_id', 'category', 'currency', 'device_type', 'duration', 'event_timestamp', 'ip_address', 'items', 'location', 'login_method', 'order_id', 'page_title', 'payment_method', 'platform', 'price', 'product_id', 'product_name', 'quantity', 'referrer_url', 'results_count', 'search_category', 'search_term', 'session_id', 'shipping_address', 'success', 'total_amount', 'url', 'user_id'], 'purchase': ['cart_id', 'category', 'currency', 'device_type', 'duration', 'event_timestamp', 'ip_address', 'items', 'location', 'login_method', 'order_id', 'page_title', 'payment_method', 'platform', 'price', 'product_id', 'product_name', 'quantity', 'referrer_url', 'results_count', 'search_category', 'search_term', 'session_id', 'shipping_address', 'success', 'total_amount', 'url', 'user_id'], 'add_to_cart': ['cart_id', 'category', 'currency', 'device_type', 'duration', 'event_timestamp', 'ip_address', 'items', 'location', 'login_method', 'order_id', 'page_title', 'payment_method', 'platform', 'price', 'product_id', 'product_name', 'quantity', 'referrer_url', 'results_count', 'search_category', 'search_term', 'session_id', 'shipping_address', 'success', 'total_amount', 'url', 'user_id'], 'page_view': ['cart_id', 'category', 'currency', 'device_type', 'duration', 'event_timestamp', 'ip_address', 'items', 'location', 'login_method', 'order_id', 'page_title', 'payment_method', 'platform', 'price', 'product_id', 'product_name', 'quantity', 'referrer_url', 'results_count', 'search_category', 'search_term', 'session_id', 'shipping_address', 'success', 'total_amount', 'url', 'user_id'], 'search': ['cart_id', 'category', 'currency', 'device_type', 'duration', 'event_timestamp', 'ip_address', 'items', 'location', 'login_method', 'order_id', 'page_title', 'payment_method', 'platform', 'price', 'product_id', 'product_name', 'quantity', 'referrer_url', 'results_count', 'search_category', 'search_term', 'session_id', 'shipping_address', 'success', 'total_amount', 'url', 'user_id']}}
Response Code: 404
Response Body: {"error":"no matching operation was found"}

[2025-06-08T08:22:31.651250+00:00] REQUEST to http://10.0.10.140:30100/api/tenants/1749368755727/schema/customers/fields/draft
Payload: {'name': 'customer_id', 'dtype': 'VARCHAR_1000'}
Response Code: 500
Response Body: {"code":100002,"data":null,"description":"internal"}

[2025-06-08T08:22:31.665251+00:00] REQUEST to http://10.0.10.140:30100/api/tenants/1749368755727/schema/customers/fields/draft
Payload: {'name': 'external_id', 'dtype': 'VARCHAR_1000'}
Response Code: 500
Response Body: {"code":100002,"data":null,"description":"internal"}

[2025-06-08T08:22:31.680252+00:00] REQUEST to http://10.0.10.140:30100/api/tenants/1749368755727/schema/customers/fields/draft
Payload: {'name': 'email', 'dtype': 'VARCHAR_1000'}
Response Code: 500
Response Body: {"code":100002,"data":null,"description":"internal"}

[2025-06-08T08:22:31.694251+00:00] REQUEST to http://10.0.10.140:30100/api/tenants/1749368755727/schema/customers/fields/draft
Payload: {'name': 'phone_number', 'dtype': 'VARCHAR_1000'}
Response Code: 500
Response Body: {"code":100002,"data":null,"description":"internal"}

[2025-06-08T08:22:31.712251+00:00] REQUEST to http://10.0.10.140:30100/api/tenants/1749368755727/schema/customers/fields/draft
Payload: {'name': 'gender', 'dtype': 'VARCHAR_1000'}
Response Code: 500
Response Body: {"code":100002,"data":null,"description":"internal"}

[2025-06-08T08:22:31.726251+00:00] REQUEST to http://10.0.10.140:30100/api/tenants/1749368755727/schema/customers/fields/draft
Payload: {'name': 'date_of_birth', 'dtype': 'DATE'}
Response Code: 500
Response Body: {"code":100002,"data":null,"description":"internal"}

[2025-06-08T08:22:31.742251+00:00] REQUEST to http://10.0.10.140:30100/api/tenants/1749368755727/schema/customers/fields/draft
Payload: {'name': 'location', 'dtype': 'VARCHAR_1000'}
Response Code: 500
Response Body: {"code":100002,"data":null,"description":"internal"}

[2025-06-08T08:22:31.755252+00:00] REQUEST to http://10.0.10.140:30100/api/tenants/1749368755727/schema/customers/fields/draft
Payload: {'name': 'postal_code', 'dtype': 'BIGINT'}
Response Code: 500
Response Body: {"code":100002,"data":null,"description":"internal"}

[2025-06-08T08:22:31.769252+00:00] REQUEST to http://10.0.10.140:30100/api/tenants/1749368755727/schema/customers/fields/draft
Payload: {'name': 'language', 'dtype': 'VARCHAR_1000'}
Response Code: 500
Response Body: {"code":100002,"data":null,"description":"internal"}

[2025-06-08T08:22:31.783252+00:00] REQUEST to http://10.0.10.140:30100/api/tenants/1749368755727/schema/customers/fields/draft
Payload: {'name': 'preferred_currency', 'dtype': 'VARCHAR_1000'}
Response Code: 500
Response Body: {"code":100002,"data":null,"description":"internal"}

[2025-06-08T08:22:31.796252+00:00] REQUEST to http://10.0.10.140:30100/api/tenants/1749368755727/schema/customers/fields/draft
Payload: {'name': 'registration_date', 'dtype': 'DATE'}
Response Code: 500
Response Body: {"code":100002,"data":null,"description":"internal"}

[2025-06-08T08:22:31.810251+00:00] REQUEST to http://10.0.10.140:30100/api/tenants/1749368755727/schema/customers/fields/draft
Payload: {'name': 'last_login', 'dtype': 'DATETIME'}
Response Code: 500
Response Body: {"code":100002,"data":null,"description":"internal"}

[2025-06-08T08:22:31.825643+00:00] REQUEST to http://10.0.10.140:30100/api/tenants/1749368755727/schema/customers/fields/draft
Payload: {'name': 'loyalty_status', 'dtype': 'VARCHAR_1000'}
Response Code: 500
Response Body: {"code":100002,"data":null,"description":"internal"}

[2025-06-08T08:22:31.838643+00:00] REQUEST to http://10.0.10.140:30100/api/tenants/1749368755727/schema/customers/fields/draft
Payload: {'name': 'consent_status', 'dtype': 'BOOL'}
Response Code: 500
Response Body: {"code":100002,"data":null,"description":"internal"}

[2025-06-08T08:22:31.851644+00:00] REQUEST to http://10.0.10.140:30100/api/tenants/1749368755727/schema/customers/fields/draft
Payload: {'name': 'marketing_opt_in', 'dtype': 'BOOL'}
Response Code: 500
Response Body: {"code":100002,"data":null,"description":"internal"}

[2025-06-08T08:22:31.865651+00:00] REQUEST to http://10.0.10.140:30100/api/tenants/1749368755727/schema/events/fields/draft
Payload: {'name': 'event_name', 'dtype': 'VARCHAR_1000'}
Response Code: 500
Response Body: {"code":100002,"data":null,"description":"internal"}

[2025-06-08T08:22:31.878642+00:00] REQUEST to http://10.0.10.140:30100/api/tenants/1749368755727/schema/events/fields/draft
Payload: {'name': 'event_timestamp', 'dtype': 'DATETIME'}
Response Code: 500
Response Body: {"code":100002,"data":null,"description":"internal"}

[2025-06-08T08:22:31.892653+00:00] REQUEST to http://10.0.10.140:30100/api/tenants/1749368755727/schema/events/fields/draft
Payload: {'name': 'device_type', 'dtype': 'VARCHAR_1000'}
Response Code: 500
Response Body: {"code":100002,"data":null,"description":"internal"}

[2025-06-08T08:22:31.906295+00:00] REQUEST to http://10.0.10.140:30100/api/tenants/1749368755727/schema/events/fields/draft
Payload: {'name': 'platform', 'dtype': 'VARCHAR_1000'}
Response Code: 500
Response Body: {"code":100002,"data":null,"description":"internal"}

[2025-06-08T08:22:31.919302+00:00] REQUEST to http://10.0.10.140:30100/api/tenants/1749368755727/schema/events/fields/draft
Payload: {'name': 'location', 'dtype': 'VARCHAR_1000'}
Response Code: 500
Response Body: {"code":100002,"data":null,"description":"internal"}

[2025-06-08T08:22:31.932379+00:00] REQUEST to http://10.0.10.140:30100/api/tenants/1749368755727/schema/events/fields/draft
Payload: {'name': 'login_method', 'dtype': 'VARCHAR_1000'}
Response Code: 500
Response Body: {"code":100002,"data":null,"description":"internal"}

[2025-06-08T08:22:31.945020+00:00] REQUEST to http://10.0.10.140:30100/api/tenants/1749368755727/schema/events/fields/draft
Payload: {'name': 'success', 'dtype': 'BOOL'}
Response Code: 500
Response Body: {"code":100002,"data":null,"description":"internal"}

[2025-06-08T08:22:31.960020+00:00] REQUEST to http://10.0.10.140:30100/api/tenants/1749368755727/schema/events/fields/draft
Payload: {'name': 'ip_address', 'dtype': 'VARCHAR_1000'}
Response Code: 500
Response Body: {"code":100002,"data":null,"description":"internal"}

[2025-06-08T08:22:31.969086+00:00] REQUEST to http://10.0.10.140:30100/api/tenants/1749368755727/schema/customers/field-mappings
Payload: {'mappings': {'login': ['cart_id', 'category', 'currency', 'device_type', 'duration', 'event_timestamp', 'ip_address', 'items', 'location', 'login_method', 'order_id', 'page_title', 'payment_method', 'platform', 'price', 'product_id', 'product_name', 'quantity', 'referrer_url', 'results_count', 'search_category', 'search_term', 'session_id', 'shipping_address', 'success', 'total_amount', 'url', 'user_id'], 'logout': ['cart_id', 'category', 'currency', 'device_type', 'duration', 'event_timestamp', 'ip_address', 'items', 'location', 'login_method', 'order_id', 'page_title', 'payment_method', 'platform', 'price', 'product_id', 'product_name', 'quantity', 'referrer_url', 'results_count', 'search_category', 'search_term', 'session_id', 'shipping_address', 'success', 'total_amount', 'url', 'user_id'], 'purchase': ['cart_id', 'category', 'currency', 'device_type', 'duration', 'event_timestamp', 'ip_address', 'items', 'location', 'login_method', 'order_id', 'page_title', 'payment_method', 'platform', 'price', 'product_id', 'product_name', 'quantity', 'referrer_url', 'results_count', 'search_category', 'search_term', 'session_id', 'shipping_address', 'success', 'total_amount', 'url', 'user_id'], 'add_to_cart': ['cart_id', 'category', 'currency', 'device_type', 'duration', 'event_timestamp', 'ip_address', 'items', 'location', 'login_method', 'order_id', 'page_title', 'payment_method', 'platform', 'price', 'product_id', 'product_name', 'quantity', 'referrer_url', 'results_count', 'search_category', 'search_term', 'session_id', 'shipping_address', 'success', 'total_amount', 'url', 'user_id'], 'page_view': ['cart_id', 'category', 'currency', 'device_type', 'duration', 'event_timestamp', 'ip_address', 'items', 'location', 'login_method', 'order_id', 'page_title', 'payment_method', 'platform', 'price', 'product_id', 'product_name', 'quantity', 'referrer_url', 'results_count', 'search_category', 'search_term', 'session_id', 'shipping_address', 'success', 'total_amount', 'url', 'user_id'], 'search': ['cart_id', 'category', 'currency', 'device_type', 'duration', 'event_timestamp', 'ip_address', 'items', 'location', 'login_method', 'order_id', 'page_title', 'payment_method', 'platform', 'price', 'product_id', 'product_name', 'quantity', 'referrer_url', 'results_count', 'search_category', 'search_term', 'session_id', 'shipping_address', 'success', 'total_amount', 'url', 'user_id']}}
Response Code: 404
Response Body: {"error":"no matching operation was found"}

[2025-06-08T08:28:11.957445+00:00] REQUEST to http://10.0.10.140:30100/api/tenants/1749368755727/schema/customers/fields/draft
Payload: {'name': 'customer_id', 'dtype': 'VARCHAR_1000'}
Response Code: 500
Response Body: {"code":100002,"data":null,"description":"internal"}

[2025-06-08T08:28:11.970961+00:00] REQUEST to http://10.0.10.140:30100/api/tenants/1749368755727/schema/customers/fields/draft
Payload: {'name': 'external_id', 'dtype': 'VARCHAR_1000'}
Response Code: 500
Response Body: {"code":100002,"data":null,"description":"internal"}

[2025-06-08T08:28:11.985134+00:00] REQUEST to http://10.0.10.140:30100/api/tenants/1749368755727/schema/customers/fields/draft
Payload: {'name': 'email', 'dtype': 'VARCHAR_1000'}
Response Code: 500
Response Body: {"code":100002,"data":null,"description":"internal"}

[2025-06-08T08:28:12.000685+00:00] REQUEST to http://10.0.10.140:30100/api/tenants/1749368755727/schema/customers/fields/draft
Payload: {'name': 'phone_number', 'dtype': 'VARCHAR_1000'}
Response Code: 500
Response Body: {"code":100002,"data":null,"description":"internal"}

[2025-06-08T08:28:12.016092+00:00] REQUEST to http://10.0.10.140:30100/api/tenants/1749368755727/schema/customers/fields/draft
Payload: {'name': 'gender', 'dtype': 'VARCHAR_1000'}
Response Code: 500
Response Body: {"code":100002,"data":null,"description":"internal"}

[2025-06-08T08:28:12.029296+00:00] REQUEST to http://10.0.10.140:30100/api/tenants/1749368755727/schema/customers/fields/draft
Payload: {'name': 'date_of_birth', 'dtype': 'DATE'}
Response Code: 500
Response Body: {"code":100002,"data":null,"description":"internal"}

[2025-06-08T08:28:12.042567+00:00] REQUEST to http://10.0.10.140:30100/api/tenants/1749368755727/schema/customers/fields/draft
Payload: {'name': 'location', 'dtype': 'VARCHAR_1000'}
Response Code: 500
Response Body: {"code":100002,"data":null,"description":"internal"}

[2025-06-08T08:28:12.055569+00:00] REQUEST to http://10.0.10.140:30100/api/tenants/1749368755727/schema/customers/fields/draft
Payload: {'name': 'postal_code', 'dtype': 'BIGINT'}
Response Code: 500
Response Body: {"code":100002,"data":null,"description":"internal"}

[2025-06-08T08:28:12.069423+00:00] REQUEST to http://10.0.10.140:30100/api/tenants/1749368755727/schema/customers/fields/draft
Payload: {'name': 'language', 'dtype': 'VARCHAR_1000'}
Response Code: 500
Response Body: {"code":100002,"data":null,"description":"internal"}

[2025-06-08T08:28:12.081828+00:00] REQUEST to http://10.0.10.140:30100/api/tenants/1749368755727/schema/customers/fields/draft
Payload: {'name': 'preferred_currency', 'dtype': 'VARCHAR_1000'}
Response Code: 500
Response Body: {"code":100002,"data":null,"description":"internal"}

[2025-06-08T08:28:12.094827+00:00] REQUEST to http://10.0.10.140:30100/api/tenants/1749368755727/schema/customers/fields/draft
Payload: {'name': 'registration_date', 'dtype': 'DATE'}
Response Code: 500
Response Body: {"code":100002,"data":null,"description":"internal"}

[2025-06-08T08:28:12.107342+00:00] REQUEST to http://10.0.10.140:30100/api/tenants/1749368755727/schema/customers/fields/draft
Payload: {'name': 'last_login', 'dtype': 'DATETIME'}
Response Code: 500
Response Body: {"code":100002,"data":null,"description":"internal"}

[2025-06-08T08:28:12.120398+00:00] REQUEST to http://10.0.10.140:30100/api/tenants/1749368755727/schema/customers/fields/draft
Payload: {'name': 'loyalty_status', 'dtype': 'VARCHAR_1000'}
Response Code: 500
Response Body: {"code":100002,"data":null,"description":"internal"}

[2025-06-08T08:28:12.134611+00:00] REQUEST to http://10.0.10.140:30100/api/tenants/1749368755727/schema/customers/fields/draft
Payload: {'name': 'consent_status', 'dtype': 'BOOL'}
Response Code: 500
Response Body: {"code":100002,"data":null,"description":"internal"}

[2025-06-08T08:28:12.148705+00:00] REQUEST to http://10.0.10.140:30100/api/tenants/1749368755727/schema/customers/fields/draft
Payload: {'name': 'marketing_opt_in', 'dtype': 'BOOL'}
Response Code: 500
Response Body: {"code":100002,"data":null,"description":"internal"}

[2025-06-08T08:28:12.157994+00:00] REQUEST to http://10.0.10.140:30100/api/tenants/1749368755727/schema/events/fields/draft
Payload: {'name': 'purchase', 'dtype': {'event_name': 'VARCHAR_1000', 'event_timestamp': 'DATETIME', 'user_id': 'VARCHAR_1000', 'session_id': 'VARCHAR_1000', 'device_type': 'VARCHAR_1000', 'platform': 'VARCHAR_1000', 'location': 'VARCHAR_1000', 'order_id': 'VARCHAR_1000', 'total_amount': 'BIGINT', 'payment_method': 'VARCHAR_1000', 'items': 'VARCHAR_1000', 'shipping_address': 'VARCHAR_1000'}}
Response Code: 400
Response Body: {"error":"error in openapi3filter.RequestError: request body has an error: doesn't match schema #/components/schemas/AddDraftFieldReq: Error at \"/dtype\": value is not one of the allowed values [\"BOOL\",\"BIGINT\",\"DOUBLE\",\"VARCHAR_1000\",\"DATE\",\"DATETIME\"]"}

[2025-06-08T08:28:12.168301+00:00] REQUEST to http://10.0.10.140:30100/api/tenants/1749368755727/schema/events/fields/draft
Payload: {'name': 'search', 'dtype': {'event_name': 'VARCHAR_1000', 'event_timestamp': 'DATETIME', 'user_id': 'VARCHAR_1000', 'session_id': 'VARCHAR_1000', 'device_type': 'VARCHAR_1000', 'platform': 'VARCHAR_1000', 'location': 'VARCHAR_1000', 'search_term': 'VARCHAR_1000', 'search_category': 'VARCHAR_1000', 'results_count': 'BIGINT'}}
Response Code: 400
Response Body: {"error":"error in openapi3filter.RequestError: request body has an error: doesn't match schema #/components/schemas/AddDraftFieldReq: Error at \"/dtype\": value is not one of the allowed values [\"BOOL\",\"BIGINT\",\"DOUBLE\",\"VARCHAR_1000\",\"DATE\",\"DATETIME\"]"}

[2025-06-08T08:28:12.178300+00:00] REQUEST to http://10.0.10.140:30100/api/tenants/1749368755727/schema/events/fields/draft
Payload: {'name': 'page_view', 'dtype': {'event_name': 'VARCHAR_1000', 'event_timestamp': 'DATETIME', 'user_id': 'VARCHAR_1000', 'session_id': 'VARCHAR_1000', 'device_type': 'VARCHAR_1000', 'platform': 'VARCHAR_1000', 'location': 'VARCHAR_1000', 'url': 'VARCHAR_1000', 'referrer_url': 'VARCHAR_1000', 'page_title': 'VARCHAR_1000', 'duration': 'BIGINT'}}
Response Code: 400
Response Body: {"error":"error in openapi3filter.RequestError: request body has an error: doesn't match schema #/components/schemas/AddDraftFieldReq: Error at \"/dtype\": value is not one of the allowed values [\"BOOL\",\"BIGINT\",\"DOUBLE\",\"VARCHAR_1000\",\"DATE\",\"DATETIME\"]"}

[2025-06-08T08:28:12.188284+00:00] REQUEST to http://10.0.10.140:30100/api/tenants/1749368755727/schema/events/fields/draft
Payload: {'name': 'logout', 'dtype': {'event_name': 'VARCHAR_1000', 'event_timestamp': 'DATETIME', 'user_id': 'VARCHAR_1000', 'session_id': 'VARCHAR_1000', 'device_type': 'VARCHAR_1000', 'platform': 'VARCHAR_1000', 'location': 'VARCHAR_1000', 'login_method': 'VARCHAR_1000', 'success': 'BOOL', 'ip_address': 'VARCHAR_1000'}}
Response Code: 400
Response Body: {"error":"error in openapi3filter.RequestError: request body has an error: doesn't match schema #/components/schemas/AddDraftFieldReq: Error at \"/dtype\": value is not one of the allowed values [\"BOOL\",\"BIGINT\",\"DOUBLE\",\"VARCHAR_1000\",\"DATE\",\"DATETIME\"]"}

[2025-06-08T08:28:12.199286+00:00] REQUEST to http://10.0.10.140:30100/api/tenants/1749368755727/schema/events/fields/draft
Payload: {'name': 'login', 'dtype': {'event_name': 'VARCHAR_1000', 'event_timestamp': 'DATETIME', 'user_id': 'VARCHAR_1000', 'session_id': 'VARCHAR_1000', 'device_type': 'VARCHAR_1000', 'platform': 'VARCHAR_1000', 'location': 'VARCHAR_1000', 'login_method': 'VARCHAR_1000', 'success': 'BOOL', 'ip_address': 'VARCHAR_1000'}}
Response Code: 400
Response Body: {"error":"error in openapi3filter.RequestError: request body has an error: doesn't match schema #/components/schemas/AddDraftFieldReq: Error at \"/dtype\": value is not one of the allowed values [\"BOOL\",\"BIGINT\",\"DOUBLE\",\"VARCHAR_1000\",\"DATE\",\"DATETIME\"]"}

[2025-06-08T08:28:12.208486+00:00] REQUEST to http://10.0.10.140:30100/api/tenants/1749368755727/schema/events/fields/draft
Payload: {'name': 'add_to_cart', 'dtype': {'event_name': 'VARCHAR_1000', 'event_timestamp': 'DATETIME', 'user_id': 'VARCHAR_1000', 'session_id': 'VARCHAR_1000', 'device_type': 'VARCHAR_1000', 'platform': 'VARCHAR_1000', 'location': 'VARCHAR_1000', 'product_id': 'VARCHAR_1000', 'product_name': 'VARCHAR_1000', 'category': 'VARCHAR_1000', 'price': 'BIGINT', 'currency': 'VARCHAR_1000', 'quantity': 'BIGINT', 'cart_id': 'VARCHAR_1000'}}
Response Code: 400
Response Body: {"error":"error in openapi3filter.RequestError: request body has an error: doesn't match schema #/components/schemas/AddDraftFieldReq: Error at \"/dtype\": value is not one of the allowed values [\"BOOL\",\"BIGINT\",\"DOUBLE\",\"VARCHAR_1000\",\"DATE\",\"DATETIME\"]"}

[2025-06-08T08:28:12.218525+00:00] REQUEST to http://10.0.10.140:30100/api/tenants/1749368755727/schema/customers/field-mappings
Payload: {'mappings': {'purchase': ['cart_id', 'category', 'currency', 'device_type', 'duration', 'event_timestamp', 'ip_address', 'items', 'location', 'login_method', 'order_id', 'page_title', 'payment_method', 'platform', 'price', 'product_id', 'product_name', 'quantity', 'referrer_url', 'results_count', 'search_category', 'search_term', 'session_id', 'shipping_address', 'success', 'total_amount', 'url', 'user_id'], 'search': ['cart_id', 'category', 'currency', 'device_type', 'duration', 'event_timestamp', 'ip_address', 'items', 'location', 'login_method', 'order_id', 'page_title', 'payment_method', 'platform', 'price', 'product_id', 'product_name', 'quantity', 'referrer_url', 'results_count', 'search_category', 'search_term', 'session_id', 'shipping_address', 'success', 'total_amount', 'url', 'user_id'], 'page_view': ['cart_id', 'category', 'currency', 'device_type', 'duration', 'event_timestamp', 'ip_address', 'items', 'location', 'login_method', 'order_id', 'page_title', 'payment_method', 'platform', 'price', 'product_id', 'product_name', 'quantity', 'referrer_url', 'results_count', 'search_category', 'search_term', 'session_id', 'shipping_address', 'success', 'total_amount', 'url', 'user_id'], 'logout': ['cart_id', 'category', 'currency', 'device_type', 'duration', 'event_timestamp', 'ip_address', 'items', 'location', 'login_method', 'order_id', 'page_title', 'payment_method', 'platform', 'price', 'product_id', 'product_name', 'quantity', 'referrer_url', 'results_count', 'search_category', 'search_term', 'session_id', 'shipping_address', 'success', 'total_amount', 'url', 'user_id'], 'login': ['cart_id', 'category', 'currency', 'device_type', 'duration', 'event_timestamp', 'ip_address', 'items', 'location', 'login_method', 'order_id', 'page_title', 'payment_method', 'platform', 'price', 'product_id', 'product_name', 'quantity', 'referrer_url', 'results_count', 'search_category', 'search_term', 'session_id', 'shipping_address', 'success', 'total_amount', 'url', 'user_id'], 'add_to_cart': ['cart_id', 'category', 'currency', 'device_type', 'duration', 'event_timestamp', 'ip_address', 'items', 'location', 'login_method', 'order_id', 'page_title', 'payment_method', 'platform', 'price', 'product_id', 'product_name', 'quantity', 'referrer_url', 'results_count', 'search_category', 'search_term', 'session_id', 'shipping_address', 'success', 'total_amount', 'url', 'user_id']}}
Response Code: 404
Response Body: {"error":"no matching operation was found"}
