
[2025-06-07T13:34:18.239388+00:00] REQUEST to http://10.0.10.140:30100/api/tenants/1749300324788/schema/customers/fields/draft
Payload: {'name': 'customer_id', 'dtype': 'DATE'}
Response Code: 500
Response Body: {"code":100002,"data":null,"description":"internal"}

[2025-06-07T13:51:38.168957+00:00] REQUEST to http://10.0.10.140:30100/api/tenants/1749304238545/schema/customers/fields/draft
Payload: {'name': 'customer_id', 'dtype': 'DATE'}
Response Code: 200
Response Body: {"ID":"762834ca-0750-4d1c-b2b6-36fc32072e53"}


[2025-06-07T13:51:38.181690+00:00] REQUEST to http://10.0.10.140:30100/api/tenants/1749304238545/schema/customers/fields/draft
Payload: {'name': 'external_id', 'dtype': 'DATE'}
Response Code: 200
Response Body: {"ID":"21c2b0fd-dd42-43aa-8908-226d41369f9d"}


[2025-06-07T13:51:38.196547+00:00] REQUEST to http://10.0.10.140:30100/api/tenants/1749304238545/schema/customers/fields/draft
Payload: {'name': 'email', 'dtype': 'VARCHAR_1000'}
Response Code: 200
Response Body: {"ID":"6b06ba43-647f-4ea2-994c-454da9b2a793"}


[2025-06-07T13:51:38.210821+00:00] REQUEST to http://10.0.10.140:30100/api/tenants/1749304238545/schema/customers/fields/draft
Payload: {'name': 'phone_number', 'dtype': 'DATE'}
Response Code: 200
Response Body: {"ID":"6f1fc281-12d6-4846-b2a9-36635534f3e8"}


[2025-06-07T13:51:38.225180+00:00] REQUEST to http://10.0.10.140:30100/api/tenants/1749304238545/schema/customers/fields/draft
Payload: {'name': 'gender', 'dtype': 'VARCHAR_1000'}
Response Code: 500
Response Body: {"code":100002,"data":null,"description":"internal"}

[2025-06-07T13:52:13.980935+00:00] REQUEST to http://10.0.10.140:30100/api/tenants/1749301428633/schema/customers/fields/draft
Payload: {'name': 'customer_id', 'dtype': 'DATE'}
Response Code: 200
Response Body: {"ID":"51b0970a-b4fb-45e7-b58e-8edced199291"}


[2025-06-07T13:52:13.995282+00:00] REQUEST to http://10.0.10.140:30100/api/tenants/1749301428633/schema/customers/fields/draft
Payload: {'name': 'external_id', 'dtype': 'DATE'}
Response Code: 200
Response Body: {"ID":"dae2eecf-9c85-46c6-aedc-e582d8a92816"}


[2025-06-07T13:52:14.009253+00:00] REQUEST to http://10.0.10.140:30100/api/tenants/1749301428633/schema/customers/fields/draft
Payload: {'name': 'email', 'dtype': 'VARCHAR_1000'}
Response Code: 200
Response Body: {"ID":"de76a0f7-35ba-4c42-8442-0f1555627611"}


[2025-06-07T13:52:14.023329+00:00] REQUEST to http://10.0.10.140:30100/api/tenants/1749301428633/schema/customers/fields/draft
Payload: {'name': 'phone_number', 'dtype': 'DATE'}
Response Code: 200
Response Body: {"ID":"33409bc1-edb2-4f99-9114-e92b0112b9ec"}


[2025-06-07T13:52:14.039599+00:00] REQUEST to http://10.0.10.140:30100/api/tenants/1749301428633/schema/customers/fields/draft
Payload: {'name': 'gender', 'dtype': 'VARCHAR_1000'}
Response Code: 500
Response Body: {"code":100002,"data":null,"description":"internal"}

[2025-06-07T14:00:24.670860+00:00] REQUEST to http://10.0.10.140:30100/api/tenants/1749301428633/schema/customers/fields/draft
Payload: {'name': 'customer_id', 'dtype': 'DATE'}
Response Code: 500
Response Body: {"code":100002,"data":null,"description":"internal"}

[2025-06-08T07:40:47.070886+00:00] REQUEST to http://10.0.10.140:30100/api/tenants/1749301428633/schema/customers/fields/draft
Payload: {'name': 'tenant_id', 'dtype': 1749301428633}
Response Code: 400
Response Body: {"error":"error in openapi3filter.RequestError: request body has an error: doesn't match schema #/components/schemas/AddDraftFieldReq: Error at \"/dtype\": value is not one of the allowed values [\"BOOL\",\"BIGINT\",\"DOUBLE\",\"VARCHAR_1000\",\"DATE\",\"DATETIME\"]"}

[2025-06-08T07:44:45.196388+00:00] REQUEST to http://10.0.10.140:30100/api/tenants/1749301428633/schema/customers/fields/draft
Payload: {'name': 'customer_id', 'dtype': 'VARCHAR_1000'}
Response Code: 500
Response Body: {"code":100002,"data":null,"description":"internal"}

[2025-06-08T07:46:23.235555+00:00] REQUEST to http://10.0.10.140:30100/api/tenants/1749368755727/schema/customers/fields/draft
Payload: {'name': 'customer_id', 'dtype': 'VARCHAR_1000'}
Response Code: 200
Response Body: {"ID":"fb61e639-c36c-4526-b879-8a2b5a4282a3"}


[2025-06-08T07:46:23.250569+00:00] REQUEST to http://10.0.10.140:30100/api/tenants/1749368755727/schema/customers/fields/draft
Payload: {'name': 'external_id', 'dtype': 'VARCHAR_1000'}
Response Code: 200
Response Body: {"ID":"40d40005-b17a-45fa-a73b-2559917c2aa5"}


[2025-06-08T07:46:23.263771+00:00] REQUEST to http://10.0.10.140:30100/api/tenants/1749368755727/schema/customers/fields/draft
Payload: {'name': 'email', 'dtype': 'VARCHAR_1000'}
Response Code: 200
Response Body: {"ID":"3d114096-b653-41e6-ad40-174f724bfa17"}


[2025-06-08T07:46:23.278796+00:00] REQUEST to http://10.0.10.140:30100/api/tenants/1749368755727/schema/customers/fields/draft
Payload: {'name': 'phone_number', 'dtype': 'VARCHAR_1000'}
Response Code: 200
Response Body: {"ID":"e358fbe5-d053-4602-b2c8-586862c00272"}


[2025-06-08T07:46:23.291771+00:00] REQUEST to http://10.0.10.140:30100/api/tenants/1749368755727/schema/customers/fields/draft
Payload: {'name': 'gender', 'dtype': 'VARCHAR_1000'}
Response Code: 500
Response Body: {"code":100002,"data":null,"description":"internal"}

[2025-06-08T08:20:46.482204+00:00] REQUEST to http://10.0.10.140:30100/api/tenants/1749368755727/schema/customers/fields/draft
Payload: {'name': 'customer_id', 'dtype': 'VARCHAR_1000'}
Response Code: 500
Response Body: {"code":100002,"data":null,"description":"internal"}

[2025-06-08T08:21:51.542228+00:00] REQUEST to http://10.0.10.140:30100/api/tenants/1749368755727/schema/customers/fields/draft
Payload: {'name': 'customer_id', 'dtype': 'VARCHAR_1000'}
Response Code: 500
Response Body: {"code":100002,"data":null,"description":"internal"}

[2025-06-08T08:21:51.556227+00:00] REQUEST to http://10.0.10.140:30100/api/tenants/1749368755727/schema/customers/fields/draft
Payload: {'name': 'external_id', 'dtype': 'VARCHAR_1000'}
Response Code: 500
Response Body: {"code":100002,"data":null,"description":"internal"}

[2025-06-08T08:21:51.570228+00:00] REQUEST to http://10.0.10.140:30100/api/tenants/1749368755727/schema/customers/fields/draft
Payload: {'name': 'email', 'dtype': 'VARCHAR_1000'}
Response Code: 500
Response Body: {"code":100002,"data":null,"description":"internal"}

[2025-06-08T08:21:51.586228+00:00] REQUEST to http://10.0.10.140:30100/api/tenants/1749368755727/schema/customers/fields/draft
Payload: {'name': 'phone_number', 'dtype': 'VARCHAR_1000'}
Response Code: 500
Response Body: {"code":100002,"data":null,"description":"internal"}

[2025-06-08T08:21:51.600228+00:00] REQUEST to http://10.0.10.140:30100/api/tenants/1749368755727/schema/customers/fields/draft
Payload: {'name': 'gender', 'dtype': 'VARCHAR_1000'}
Response Code: 500
Response Body: {"code":100002,"data":null,"description":"internal"}

[2025-06-08T08:21:51.615227+00:00] REQUEST to http://10.0.10.140:30100/api/tenants/1749368755727/schema/customers/fields/draft
Payload: {'name': 'date_of_birth', 'dtype': 'DATE'}
Response Code: 200
Response Body: {"ID":"03a4c0a9-c562-4534-a83e-21814f569f74"}


[2025-06-08T08:21:51.629227+00:00] REQUEST to http://10.0.10.140:30100/api/tenants/1749368755727/schema/customers/fields/draft
Payload: {'name': 'location', 'dtype': 'VARCHAR_1000'}
Response Code: 200
Response Body: {"ID":"5d64ca0d-c3f6-4f2f-b701-e8df47f89b7d"}


[2025-06-08T08:21:51.642216+00:00] REQUEST to http://10.0.10.140:30100/api/tenants/1749368755727/schema/customers/fields/draft
Payload: {'name': 'postal_code', 'dtype': 'BIGINT'}
Response Code: 200
Response Body: {"ID":"72bf5770-172f-4058-8b1a-c233ce6a8ece"}


[2025-06-08T08:21:51.656220+00:00] REQUEST to http://10.0.10.140:30100/api/tenants/1749368755727/schema/customers/fields/draft
Payload: {'name': 'language', 'dtype': 'VARCHAR_1000'}
Response Code: 200
Response Body: {"ID":"c48bbcc2-d341-4cb0-ac24-2492bb9bfc8c"}


[2025-06-08T08:21:51.670171+00:00] REQUEST to http://10.0.10.140:30100/api/tenants/1749368755727/schema/customers/fields/draft
Payload: {'name': 'preferred_currency', 'dtype': 'VARCHAR_1000'}
Response Code: 200
Response Body: {"ID":"336f508d-ff0d-4dd3-83bc-181e3a13d4d1"}


[2025-06-08T08:21:51.682928+00:00] REQUEST to http://10.0.10.140:30100/api/tenants/1749368755727/schema/customers/fields/draft
Payload: {'name': 'registration_date', 'dtype': 'DATE'}
Response Code: 200
Response Body: {"ID":"e04511ed-f7b4-42f6-b30a-38d55c18274e"}


[2025-06-08T08:21:51.698290+00:00] REQUEST to http://10.0.10.140:30100/api/tenants/1749368755727/schema/customers/fields/draft
Payload: {'name': 'last_login', 'dtype': 'DATETIME'}
Response Code: 200
Response Body: {"ID":"362a3bb1-1d3f-4667-8f74-fbc9871b7e95"}


[2025-06-08T08:21:51.712460+00:00] REQUEST to http://10.0.10.140:30100/api/tenants/1749368755727/schema/customers/fields/draft
Payload: {'name': 'loyalty_status', 'dtype': 'VARCHAR_1000'}
Response Code: 200
Response Body: {"ID":"7582b894-5e86-408b-9526-ca402a8ab17f"}


[2025-06-08T08:21:51.725948+00:00] REQUEST to http://10.0.10.140:30100/api/tenants/1749368755727/schema/customers/fields/draft
Payload: {'name': 'consent_status', 'dtype': 'BOOL'}
Response Code: 200
Response Body: {"ID":"a24fc4c1-5ae0-4172-b4af-7ac4669e9038"}


[2025-06-08T08:21:51.741977+00:00] REQUEST to http://10.0.10.140:30100/api/tenants/1749368755727/schema/customers/fields/draft
Payload: {'name': 'marketing_opt_in', 'dtype': 'BOOL'}
Response Code: 200
Response Body: {"ID":"47e63978-ec6e-4192-90e6-cb7c69f3af30"}


[2025-06-08T08:21:51.756098+00:00] REQUEST to http://10.0.10.140:30100/api/tenants/1749368755727/schema/events/fields/draft
Payload: {'name': 'event_name', 'dtype': 'VARCHAR_1000'}
Response Code: 200
Response Body: {"ID":"d72f0f38-5ee1-4623-8aa1-3aff595ca668"}


[2025-06-08T08:21:51.770168+00:00] REQUEST to http://10.0.10.140:30100/api/tenants/1749368755727/schema/events/fields/draft
Payload: {'name': 'event_timestamp', 'dtype': 'DATETIME'}
Response Code: 200
Response Body: {"ID":"6ebe351f-2a96-4407-a671-ade050a124b0"}


[2025-06-08T08:21:51.785143+00:00] REQUEST to http://10.0.10.140:30100/api/tenants/1749368755727/schema/events/fields/draft
Payload: {'name': 'device_type', 'dtype': 'VARCHAR_1000'}
Response Code: 200
Response Body: {"ID":"fa1caf92-7559-4cae-8c17-e0f9e6cc2742"}


[2025-06-08T08:21:51.800259+00:00] REQUEST to http://10.0.10.140:30100/api/tenants/1749368755727/schema/events/fields/draft
Payload: {'name': 'platform', 'dtype': 'VARCHAR_1000'}
Response Code: 200
Response Body: {"ID":"4ffe2c21-4629-46aa-a309-ea9d9e267e23"}


[2025-06-08T08:21:51.876433+00:00] REQUEST to http://10.0.10.140:30100/api/tenants/1749368755727/schema/events/fields/draft
Payload: {'name': 'location', 'dtype': 'VARCHAR_1000'}
Response Code: 200
Response Body: {"ID":"d15c4d55-125e-4483-bd7c-2bbbaece8220"}


[2025-06-08T08:21:51.892450+00:00] REQUEST to http://10.0.10.140:30100/api/tenants/1749368755727/schema/events/fields/draft
Payload: {'name': 'login_method', 'dtype': 'VARCHAR_1000'}
Response Code: 200
Response Body: {"ID":"f95e43b8-1367-4674-b19f-26f40ae82650"}


[2025-06-08T08:21:51.907459+00:00] REQUEST to http://10.0.10.140:30100/api/tenants/1749368755727/schema/events/fields/draft
Payload: {'name': 'success', 'dtype': 'BOOL'}
Response Code: 200
Response Body: {"ID":"f002f401-89d6-409d-9ea4-9c3d8d5e0cab"}


[2025-06-08T08:21:51.922453+00:00] REQUEST to http://10.0.10.140:30100/api/tenants/1749368755727/schema/events/fields/draft
Payload: {'name': 'ip_address', 'dtype': 'VARCHAR_1000'}
Response Code: 200
Response Body: {"ID":"8b07e80b-a5b3-4368-876e-2cc633345b03"}


[2025-06-08T08:21:51.933455+00:00] REQUEST to http://10.0.10.140:30100/api/tenants/1749368755727/schema/customers/field-mappings
Payload: {'mappings': {'login': ['cart_id', 'category', 'currency', 'device_type', 'duration', 'event_timestamp', 'ip_address', 'items', 'location', 'login_method', 'order_id', 'page_title', 'payment_method', 'platform', 'price', 'product_id', 'product_name', 'quantity', 'referrer_url', 'results_count', 'search_category', 'search_term', 'session_id', 'shipping_address', 'success', 'total_amount', 'url', 'user_id'], 'logout': ['cart_id', 'category', 'currency', 'device_type', 'duration', 'event_timestamp', 'ip_address', 'items', 'location', 'login_method', 'order_id', 'page_title', 'payment_method', 'platform', 'price', 'product_id', 'product_name', 'quantity', 'referrer_url', 'results_count', 'search_category', 'search_term', 'session_id', 'shipping_address', 'success', 'total_amount', 'url', 'user_id'], 'purchase': ['cart_id', 'category', 'currency', 'device_type', 'duration', 'event_timestamp', 'ip_address', 'items', 'location', 'login_method', 'order_id', 'page_title', 'payment_method', 'platform', 'price', 'product_id', 'product_name', 'quantity', 'referrer_url', 'results_count', 'search_category', 'search_term', 'session_id', 'shipping_address', 'success', 'total_amount', 'url', 'user_id'], 'add_to_cart': ['cart_id', 'category', 'currency', 'device_type', 'duration', 'event_timestamp', 'ip_address', 'items', 'location', 'login_method', 'order_id', 'page_title', 'payment_method', 'platform', 'price', 'product_id', 'product_name', 'quantity', 'referrer_url', 'results_count', 'search_category', 'search_term', 'session_id', 'shipping_address', 'success', 'total_amount', 'url', 'user_id'], 'page_view': ['cart_id', 'category', 'currency', 'device_type', 'duration', 'event_timestamp', 'ip_address', 'items', 'location', 'login_method', 'order_id', 'page_title', 'payment_method', 'platform', 'price', 'product_id', 'product_name', 'quantity', 'referrer_url', 'results_count', 'search_category', 'search_term', 'session_id', 'shipping_address', 'success', 'total_amount', 'url', 'user_id'], 'search': ['cart_id', 'category', 'currency', 'device_type', 'duration', 'event_timestamp', 'ip_address', 'items', 'location', 'login_method', 'order_id', 'page_title', 'payment_method', 'platform', 'price', 'product_id', 'product_name', 'quantity', 'referrer_url', 'results_count', 'search_category', 'search_term', 'session_id', 'shipping_address', 'success', 'total_amount', 'url', 'user_id']}}
Response Code: 404
Response Body: {"error":"no matching operation was found"}

[2025-06-08T08:22:31.651250+00:00] REQUEST to http://10.0.10.140:30100/api/tenants/1749368755727/schema/customers/fields/draft
Payload: {'name': 'customer_id', 'dtype': 'VARCHAR_1000'}
Response Code: 500
Response Body: {"code":100002,"data":null,"description":"internal"}

[2025-06-08T08:22:31.665251+00:00] REQUEST to http://10.0.10.140:30100/api/tenants/1749368755727/schema/customers/fields/draft
Payload: {'name': 'external_id', 'dtype': 'VARCHAR_1000'}
Response Code: 500
Response Body: {"code":100002,"data":null,"description":"internal"}

[2025-06-08T08:22:31.680252+00:00] REQUEST to http://10.0.10.140:30100/api/tenants/1749368755727/schema/customers/fields/draft
Payload: {'name': 'email', 'dtype': 'VARCHAR_1000'}
Response Code: 500
Response Body: {"code":100002,"data":null,"description":"internal"}

[2025-06-08T08:22:31.694251+00:00] REQUEST to http://10.0.10.140:30100/api/tenants/1749368755727/schema/customers/fields/draft
Payload: {'name': 'phone_number', 'dtype': 'VARCHAR_1000'}
Response Code: 500
Response Body: {"code":100002,"data":null,"description":"internal"}

[2025-06-08T08:22:31.712251+00:00] REQUEST to http://10.0.10.140:30100/api/tenants/1749368755727/schema/customers/fields/draft
Payload: {'name': 'gender', 'dtype': 'VARCHAR_1000'}
Response Code: 500
Response Body: {"code":100002,"data":null,"description":"internal"}

[2025-06-08T08:22:31.726251+00:00] REQUEST to http://10.0.10.140:30100/api/tenants/1749368755727/schema/customers/fields/draft
Payload: {'name': 'date_of_birth', 'dtype': 'DATE'}
Response Code: 500
Response Body: {"code":100002,"data":null,"description":"internal"}

[2025-06-08T08:22:31.742251+00:00] REQUEST to http://10.0.10.140:30100/api/tenants/1749368755727/schema/customers/fields/draft
Payload: {'name': 'location', 'dtype': 'VARCHAR_1000'}
Response Code: 500
Response Body: {"code":100002,"data":null,"description":"internal"}

[2025-06-08T08:22:31.755252+00:00] REQUEST to http://10.0.10.140:30100/api/tenants/1749368755727/schema/customers/fields/draft
Payload: {'name': 'postal_code', 'dtype': 'BIGINT'}
Response Code: 500
Response Body: {"code":100002,"data":null,"description":"internal"}

[2025-06-08T08:22:31.769252+00:00] REQUEST to http://10.0.10.140:30100/api/tenants/1749368755727/schema/customers/fields/draft
Payload: {'name': 'language', 'dtype': 'VARCHAR_1000'}
Response Code: 500
Response Body: {"code":100002,"data":null,"description":"internal"}

[2025-06-08T08:22:31.783252+00:00] REQUEST to http://10.0.10.140:30100/api/tenants/1749368755727/schema/customers/fields/draft
Payload: {'name': 'preferred_currency', 'dtype': 'VARCHAR_1000'}
Response Code: 500
Response Body: {"code":100002,"data":null,"description":"internal"}

[2025-06-08T08:22:31.796252+00:00] REQUEST to http://10.0.10.140:30100/api/tenants/1749368755727/schema/customers/fields/draft
Payload: {'name': 'registration_date', 'dtype': 'DATE'}
Response Code: 500
Response Body: {"code":100002,"data":null,"description":"internal"}

[2025-06-08T08:22:31.810251+00:00] REQUEST to http://10.0.10.140:30100/api/tenants/1749368755727/schema/customers/fields/draft
Payload: {'name': 'last_login', 'dtype': 'DATETIME'}
Response Code: 500
Response Body: {"code":100002,"data":null,"description":"internal"}

[2025-06-08T08:22:31.825643+00:00] REQUEST to http://10.0.10.140:30100/api/tenants/1749368755727/schema/customers/fields/draft
Payload: {'name': 'loyalty_status', 'dtype': 'VARCHAR_1000'}
Response Code: 500
Response Body: {"code":100002,"data":null,"description":"internal"}

[2025-06-08T08:22:31.838643+00:00] REQUEST to http://10.0.10.140:30100/api/tenants/1749368755727/schema/customers/fields/draft
Payload: {'name': 'consent_status', 'dtype': 'BOOL'}
Response Code: 500
Response Body: {"code":100002,"data":null,"description":"internal"}

[2025-06-08T08:22:31.851644+00:00] REQUEST to http://10.0.10.140:30100/api/tenants/1749368755727/schema/customers/fields/draft
Payload: {'name': 'marketing_opt_in', 'dtype': 'BOOL'}
Response Code: 500
Response Body: {"code":100002,"data":null,"description":"internal"}

[2025-06-08T08:22:31.865651+00:00] REQUEST to http://10.0.10.140:30100/api/tenants/1749368755727/schema/events/fields/draft
Payload: {'name': 'event_name', 'dtype': 'VARCHAR_1000'}
Response Code: 500
Response Body: {"code":100002,"data":null,"description":"internal"}

[2025-06-08T08:22:31.878642+00:00] REQUEST to http://10.0.10.140:30100/api/tenants/1749368755727/schema/events/fields/draft
Payload: {'name': 'event_timestamp', 'dtype': 'DATETIME'}
Response Code: 500
Response Body: {"code":100002,"data":null,"description":"internal"}

[2025-06-08T08:22:31.892653+00:00] REQUEST to http://10.0.10.140:30100/api/tenants/1749368755727/schema/events/fields/draft
Payload: {'name': 'device_type', 'dtype': 'VARCHAR_1000'}
Response Code: 500
Response Body: {"code":100002,"data":null,"description":"internal"}

[2025-06-08T08:22:31.906295+00:00] REQUEST to http://10.0.10.140:30100/api/tenants/1749368755727/schema/events/fields/draft
Payload: {'name': 'platform', 'dtype': 'VARCHAR_1000'}
Response Code: 500
Response Body: {"code":100002,"data":null,"description":"internal"}

[2025-06-08T08:22:31.919302+00:00] REQUEST to http://10.0.10.140:30100/api/tenants/1749368755727/schema/events/fields/draft
Payload: {'name': 'location', 'dtype': 'VARCHAR_1000'}
Response Code: 500
Response Body: {"code":100002,"data":null,"description":"internal"}

[2025-06-08T08:22:31.932379+00:00] REQUEST to http://10.0.10.140:30100/api/tenants/1749368755727/schema/events/fields/draft
Payload: {'name': 'login_method', 'dtype': 'VARCHAR_1000'}
Response Code: 500
Response Body: {"code":100002,"data":null,"description":"internal"}

[2025-06-08T08:22:31.945020+00:00] REQUEST to http://10.0.10.140:30100/api/tenants/1749368755727/schema/events/fields/draft
Payload: {'name': 'success', 'dtype': 'BOOL'}
Response Code: 500
Response Body: {"code":100002,"data":null,"description":"internal"}

[2025-06-08T08:22:31.960020+00:00] REQUEST to http://10.0.10.140:30100/api/tenants/1749368755727/schema/events/fields/draft
Payload: {'name': 'ip_address', 'dtype': 'VARCHAR_1000'}
Response Code: 500
Response Body: {"code":100002,"data":null,"description":"internal"}

[2025-06-08T08:22:31.969086+00:00] REQUEST to http://10.0.10.140:30100/api/tenants/1749368755727/schema/customers/field-mappings
Payload: {'mappings': {'login': ['cart_id', 'category', 'currency', 'device_type', 'duration', 'event_timestamp', 'ip_address', 'items', 'location', 'login_method', 'order_id', 'page_title', 'payment_method', 'platform', 'price', 'product_id', 'product_name', 'quantity', 'referrer_url', 'results_count', 'search_category', 'search_term', 'session_id', 'shipping_address', 'success', 'total_amount', 'url', 'user_id'], 'logout': ['cart_id', 'category', 'currency', 'device_type', 'duration', 'event_timestamp', 'ip_address', 'items', 'location', 'login_method', 'order_id', 'page_title', 'payment_method', 'platform', 'price', 'product_id', 'product_name', 'quantity', 'referrer_url', 'results_count', 'search_category', 'search_term', 'session_id', 'shipping_address', 'success', 'total_amount', 'url', 'user_id'], 'purchase': ['cart_id', 'category', 'currency', 'device_type', 'duration', 'event_timestamp', 'ip_address', 'items', 'location', 'login_method', 'order_id', 'page_title', 'payment_method', 'platform', 'price', 'product_id', 'product_name', 'quantity', 'referrer_url', 'results_count', 'search_category', 'search_term', 'session_id', 'shipping_address', 'success', 'total_amount', 'url', 'user_id'], 'add_to_cart': ['cart_id', 'category', 'currency', 'device_type', 'duration', 'event_timestamp', 'ip_address', 'items', 'location', 'login_method', 'order_id', 'page_title', 'payment_method', 'platform', 'price', 'product_id', 'product_name', 'quantity', 'referrer_url', 'results_count', 'search_category', 'search_term', 'session_id', 'shipping_address', 'success', 'total_amount', 'url', 'user_id'], 'page_view': ['cart_id', 'category', 'currency', 'device_type', 'duration', 'event_timestamp', 'ip_address', 'items', 'location', 'login_method', 'order_id', 'page_title', 'payment_method', 'platform', 'price', 'product_id', 'product_name', 'quantity', 'referrer_url', 'results_count', 'search_category', 'search_term', 'session_id', 'shipping_address', 'success', 'total_amount', 'url', 'user_id'], 'search': ['cart_id', 'category', 'currency', 'device_type', 'duration', 'event_timestamp', 'ip_address', 'items', 'location', 'login_method', 'order_id', 'page_title', 'payment_method', 'platform', 'price', 'product_id', 'product_name', 'quantity', 'referrer_url', 'results_count', 'search_category', 'search_term', 'session_id', 'shipping_address', 'success', 'total_amount', 'url', 'user_id']}}
Response Code: 404
Response Body: {"error":"no matching operation was found"}

[2025-06-08T08:28:11.957445+00:00] REQUEST to http://10.0.10.140:30100/api/tenants/1749368755727/schema/customers/fields/draft
Payload: {'name': 'customer_id', 'dtype': 'VARCHAR_1000'}
Response Code: 500
Response Body: {"code":100002,"data":null,"description":"internal"}

[2025-06-08T08:28:11.970961+00:00] REQUEST to http://10.0.10.140:30100/api/tenants/1749368755727/schema/customers/fields/draft
Payload: {'name': 'external_id', 'dtype': 'VARCHAR_1000'}
Response Code: 500
Response Body: {"code":100002,"data":null,"description":"internal"}

[2025-06-08T08:28:11.985134+00:00] REQUEST to http://10.0.10.140:30100/api/tenants/1749368755727/schema/customers/fields/draft
Payload: {'name': 'email', 'dtype': 'VARCHAR_1000'}
Response Code: 500
Response Body: {"code":100002,"data":null,"description":"internal"}

[2025-06-08T08:28:12.000685+00:00] REQUEST to http://10.0.10.140:30100/api/tenants/1749368755727/schema/customers/fields/draft
Payload: {'name': 'phone_number', 'dtype': 'VARCHAR_1000'}
Response Code: 500
Response Body: {"code":100002,"data":null,"description":"internal"}

[2025-06-08T08:28:12.016092+00:00] REQUEST to http://10.0.10.140:30100/api/tenants/1749368755727/schema/customers/fields/draft
Payload: {'name': 'gender', 'dtype': 'VARCHAR_1000'}
Response Code: 500
Response Body: {"code":100002,"data":null,"description":"internal"}

[2025-06-08T08:28:12.029296+00:00] REQUEST to http://10.0.10.140:30100/api/tenants/1749368755727/schema/customers/fields/draft
Payload: {'name': 'date_of_birth', 'dtype': 'DATE'}
Response Code: 500
Response Body: {"code":100002,"data":null,"description":"internal"}

[2025-06-08T08:28:12.042567+00:00] REQUEST to http://10.0.10.140:30100/api/tenants/1749368755727/schema/customers/fields/draft
Payload: {'name': 'location', 'dtype': 'VARCHAR_1000'}
Response Code: 500
Response Body: {"code":100002,"data":null,"description":"internal"}

[2025-06-08T08:28:12.055569+00:00] REQUEST to http://10.0.10.140:30100/api/tenants/1749368755727/schema/customers/fields/draft
Payload: {'name': 'postal_code', 'dtype': 'BIGINT'}
Response Code: 500
Response Body: {"code":100002,"data":null,"description":"internal"}

[2025-06-08T08:28:12.069423+00:00] REQUEST to http://10.0.10.140:30100/api/tenants/1749368755727/schema/customers/fields/draft
Payload: {'name': 'language', 'dtype': 'VARCHAR_1000'}
Response Code: 500
Response Body: {"code":100002,"data":null,"description":"internal"}

[2025-06-08T08:28:12.081828+00:00] REQUEST to http://10.0.10.140:30100/api/tenants/1749368755727/schema/customers/fields/draft
Payload: {'name': 'preferred_currency', 'dtype': 'VARCHAR_1000'}
Response Code: 500
Response Body: {"code":100002,"data":null,"description":"internal"}

[2025-06-08T08:28:12.094827+00:00] REQUEST to http://10.0.10.140:30100/api/tenants/1749368755727/schema/customers/fields/draft
Payload: {'name': 'registration_date', 'dtype': 'DATE'}
Response Code: 500
Response Body: {"code":100002,"data":null,"description":"internal"}

[2025-06-08T08:28:12.107342+00:00] REQUEST to http://10.0.10.140:30100/api/tenants/1749368755727/schema/customers/fields/draft
Payload: {'name': 'last_login', 'dtype': 'DATETIME'}
Response Code: 500
Response Body: {"code":100002,"data":null,"description":"internal"}

[2025-06-08T08:28:12.120398+00:00] REQUEST to http://10.0.10.140:30100/api/tenants/1749368755727/schema/customers/fields/draft
Payload: {'name': 'loyalty_status', 'dtype': 'VARCHAR_1000'}
Response Code: 500
Response Body: {"code":100002,"data":null,"description":"internal"}

[2025-06-08T08:28:12.134611+00:00] REQUEST to http://10.0.10.140:30100/api/tenants/1749368755727/schema/customers/fields/draft
Payload: {'name': 'consent_status', 'dtype': 'BOOL'}
Response Code: 500
Response Body: {"code":100002,"data":null,"description":"internal"}

[2025-06-08T08:28:12.148705+00:00] REQUEST to http://10.0.10.140:30100/api/tenants/1749368755727/schema/customers/fields/draft
Payload: {'name': 'marketing_opt_in', 'dtype': 'BOOL'}
Response Code: 500
Response Body: {"code":100002,"data":null,"description":"internal"}

[2025-06-08T08:28:12.157994+00:00] REQUEST to http://10.0.10.140:30100/api/tenants/1749368755727/schema/events/fields/draft
Payload: {'name': 'purchase', 'dtype': {'event_name': 'VARCHAR_1000', 'event_timestamp': 'DATETIME', 'user_id': 'VARCHAR_1000', 'session_id': 'VARCHAR_1000', 'device_type': 'VARCHAR_1000', 'platform': 'VARCHAR_1000', 'location': 'VARCHAR_1000', 'order_id': 'VARCHAR_1000', 'total_amount': 'BIGINT', 'payment_method': 'VARCHAR_1000', 'items': 'VARCHAR_1000', 'shipping_address': 'VARCHAR_1000'}}
Response Code: 400
Response Body: {"error":"error in openapi3filter.RequestError: request body has an error: doesn't match schema #/components/schemas/AddDraftFieldReq: Error at \"/dtype\": value is not one of the allowed values [\"BOOL\",\"BIGINT\",\"DOUBLE\",\"VARCHAR_1000\",\"DATE\",\"DATETIME\"]"}

[2025-06-08T08:28:12.168301+00:00] REQUEST to http://10.0.10.140:30100/api/tenants/1749368755727/schema/events/fields/draft
Payload: {'name': 'search', 'dtype': {'event_name': 'VARCHAR_1000', 'event_timestamp': 'DATETIME', 'user_id': 'VARCHAR_1000', 'session_id': 'VARCHAR_1000', 'device_type': 'VARCHAR_1000', 'platform': 'VARCHAR_1000', 'location': 'VARCHAR_1000', 'search_term': 'VARCHAR_1000', 'search_category': 'VARCHAR_1000', 'results_count': 'BIGINT'}}
Response Code: 400
Response Body: {"error":"error in openapi3filter.RequestError: request body has an error: doesn't match schema #/components/schemas/AddDraftFieldReq: Error at \"/dtype\": value is not one of the allowed values [\"BOOL\",\"BIGINT\",\"DOUBLE\",\"VARCHAR_1000\",\"DATE\",\"DATETIME\"]"}

[2025-06-08T08:28:12.178300+00:00] REQUEST to http://10.0.10.140:30100/api/tenants/1749368755727/schema/events/fields/draft
Payload: {'name': 'page_view', 'dtype': {'event_name': 'VARCHAR_1000', 'event_timestamp': 'DATETIME', 'user_id': 'VARCHAR_1000', 'session_id': 'VARCHAR_1000', 'device_type': 'VARCHAR_1000', 'platform': 'VARCHAR_1000', 'location': 'VARCHAR_1000', 'url': 'VARCHAR_1000', 'referrer_url': 'VARCHAR_1000', 'page_title': 'VARCHAR_1000', 'duration': 'BIGINT'}}
Response Code: 400
Response Body: {"error":"error in openapi3filter.RequestError: request body has an error: doesn't match schema #/components/schemas/AddDraftFieldReq: Error at \"/dtype\": value is not one of the allowed values [\"BOOL\",\"BIGINT\",\"DOUBLE\",\"VARCHAR_1000\",\"DATE\",\"DATETIME\"]"}

[2025-06-08T08:28:12.188284+00:00] REQUEST to http://10.0.10.140:30100/api/tenants/1749368755727/schema/events/fields/draft
Payload: {'name': 'logout', 'dtype': {'event_name': 'VARCHAR_1000', 'event_timestamp': 'DATETIME', 'user_id': 'VARCHAR_1000', 'session_id': 'VARCHAR_1000', 'device_type': 'VARCHAR_1000', 'platform': 'VARCHAR_1000', 'location': 'VARCHAR_1000', 'login_method': 'VARCHAR_1000', 'success': 'BOOL', 'ip_address': 'VARCHAR_1000'}}
Response Code: 400
Response Body: {"error":"error in openapi3filter.RequestError: request body has an error: doesn't match schema #/components/schemas/AddDraftFieldReq: Error at \"/dtype\": value is not one of the allowed values [\"BOOL\",\"BIGINT\",\"DOUBLE\",\"VARCHAR_1000\",\"DATE\",\"DATETIME\"]"}

[2025-06-08T08:28:12.199286+00:00] REQUEST to http://10.0.10.140:30100/api/tenants/1749368755727/schema/events/fields/draft
Payload: {'name': 'login', 'dtype': {'event_name': 'VARCHAR_1000', 'event_timestamp': 'DATETIME', 'user_id': 'VARCHAR_1000', 'session_id': 'VARCHAR_1000', 'device_type': 'VARCHAR_1000', 'platform': 'VARCHAR_1000', 'location': 'VARCHAR_1000', 'login_method': 'VARCHAR_1000', 'success': 'BOOL', 'ip_address': 'VARCHAR_1000'}}
Response Code: 400
Response Body: {"error":"error in openapi3filter.RequestError: request body has an error: doesn't match schema #/components/schemas/AddDraftFieldReq: Error at \"/dtype\": value is not one of the allowed values [\"BOOL\",\"BIGINT\",\"DOUBLE\",\"VARCHAR_1000\",\"DATE\",\"DATETIME\"]"}

[2025-06-08T08:28:12.208486+00:00] REQUEST to http://10.0.10.140:30100/api/tenants/1749368755727/schema/events/fields/draft
Payload: {'name': 'add_to_cart', 'dtype': {'event_name': 'VARCHAR_1000', 'event_timestamp': 'DATETIME', 'user_id': 'VARCHAR_1000', 'session_id': 'VARCHAR_1000', 'device_type': 'VARCHAR_1000', 'platform': 'VARCHAR_1000', 'location': 'VARCHAR_1000', 'product_id': 'VARCHAR_1000', 'product_name': 'VARCHAR_1000', 'category': 'VARCHAR_1000', 'price': 'BIGINT', 'currency': 'VARCHAR_1000', 'quantity': 'BIGINT', 'cart_id': 'VARCHAR_1000'}}
Response Code: 400
Response Body: {"error":"error in openapi3filter.RequestError: request body has an error: doesn't match schema #/components/schemas/AddDraftFieldReq: Error at \"/dtype\": value is not one of the allowed values [\"BOOL\",\"BIGINT\",\"DOUBLE\",\"VARCHAR_1000\",\"DATE\",\"DATETIME\"]"}

[2025-06-08T08:28:12.218525+00:00] REQUEST to http://10.0.10.140:30100/api/tenants/1749368755727/schema/customers/field-mappings
Payload: {'mappings': {'purchase': ['cart_id', 'category', 'currency', 'device_type', 'duration', 'event_timestamp', 'ip_address', 'items', 'location', 'login_method', 'order_id', 'page_title', 'payment_method', 'platform', 'price', 'product_id', 'product_name', 'quantity', 'referrer_url', 'results_count', 'search_category', 'search_term', 'session_id', 'shipping_address', 'success', 'total_amount', 'url', 'user_id'], 'search': ['cart_id', 'category', 'currency', 'device_type', 'duration', 'event_timestamp', 'ip_address', 'items', 'location', 'login_method', 'order_id', 'page_title', 'payment_method', 'platform', 'price', 'product_id', 'product_name', 'quantity', 'referrer_url', 'results_count', 'search_category', 'search_term', 'session_id', 'shipping_address', 'success', 'total_amount', 'url', 'user_id'], 'page_view': ['cart_id', 'category', 'currency', 'device_type', 'duration', 'event_timestamp', 'ip_address', 'items', 'location', 'login_method', 'order_id', 'page_title', 'payment_method', 'platform', 'price', 'product_id', 'product_name', 'quantity', 'referrer_url', 'results_count', 'search_category', 'search_term', 'session_id', 'shipping_address', 'success', 'total_amount', 'url', 'user_id'], 'logout': ['cart_id', 'category', 'currency', 'device_type', 'duration', 'event_timestamp', 'ip_address', 'items', 'location', 'login_method', 'order_id', 'page_title', 'payment_method', 'platform', 'price', 'product_id', 'product_name', 'quantity', 'referrer_url', 'results_count', 'search_category', 'search_term', 'session_id', 'shipping_address', 'success', 'total_amount', 'url', 'user_id'], 'login': ['cart_id', 'category', 'currency', 'device_type', 'duration', 'event_timestamp', 'ip_address', 'items', 'location', 'login_method', 'order_id', 'page_title', 'payment_method', 'platform', 'price', 'product_id', 'product_name', 'quantity', 'referrer_url', 'results_count', 'search_category', 'search_term', 'session_id', 'shipping_address', 'success', 'total_amount', 'url', 'user_id'], 'add_to_cart': ['cart_id', 'category', 'currency', 'device_type', 'duration', 'event_timestamp', 'ip_address', 'items', 'location', 'login_method', 'order_id', 'page_title', 'payment_method', 'platform', 'price', 'product_id', 'product_name', 'quantity', 'referrer_url', 'results_count', 'search_category', 'search_term', 'session_id', 'shipping_address', 'success', 'total_amount', 'url', 'user_id']}}
Response Code: 404
Response Body: {"error":"no matching operation was found"}

[2025-06-08T10:26:35.004706+00:00] REQUEST to http://10.0.10.140:30100/api/tenants/1747391968051/schema/customers/fields/draft
Payload: {'name': 'customer_id', 'dtype': 'VARCHAR_1000'}
Response Code: 200
Response Body: {"ID":"ba544841-690d-434b-8992-610aaba5d529"}


[2025-06-08T10:26:35.019704+00:00] REQUEST to http://10.0.10.140:30100/api/tenants/1747391968051/schema/customers/fields/draft
Payload: {'name': 'external_id', 'dtype': 'VARCHAR_1000'}
Response Code: 200
Response Body: {"ID":"b0e943a1-7b0f-43de-8777-fc4d4994467e"}


[2025-06-08T10:26:35.033512+00:00] REQUEST to http://10.0.10.140:30100/api/tenants/1747391968051/schema/customers/fields/draft
Payload: {'name': 'email', 'dtype': 'VARCHAR_1000'}
Response Code: 200
Response Body: {"ID":"e1d3e28c-6829-464b-bcc8-6b07c109f015"}


[2025-06-08T10:26:35.048523+00:00] REQUEST to http://10.0.10.140:30100/api/tenants/1747391968051/schema/customers/fields/draft
Payload: {'name': 'phone_number', 'dtype': 'VARCHAR_1000'}
Response Code: 200
Response Body: {"ID":"e0ea03ec-c15e-4a6a-a238-faa228ef6d8e"}


[2025-06-08T10:26:35.064144+00:00] REQUEST to http://10.0.10.140:30100/api/tenants/1747391968051/schema/customers/fields/draft
Payload: {'name': 'gender', 'dtype': 'VARCHAR_1000'}
Response Code: 500
Response Body: {"code":100002,"data":null,"description":"internal"}

[2025-06-08T10:26:35.078141+00:00] REQUEST to http://10.0.10.140:30100/api/tenants/1747391968051/schema/customers/fields/draft
Payload: {'name': 'date_of_birth', 'dtype': 'DATE'}
Response Code: 200
Response Body: {"ID":"78ffb63f-e71c-46d6-a314-404ec85f0d90"}


[2025-06-08T10:26:35.091143+00:00] REQUEST to http://10.0.10.140:30100/api/tenants/1747391968051/schema/customers/fields/draft
Payload: {'name': 'location', 'dtype': 'VARCHAR_1000'}
Response Code: 200
Response Body: {"ID":"5503cf71-97d7-438d-b431-c84974663ed9"}


[2025-06-08T10:26:35.104142+00:00] REQUEST to http://10.0.10.140:30100/api/tenants/1747391968051/schema/customers/fields/draft
Payload: {'name': 'postal_code', 'dtype': 'BIGINT'}
Response Code: 200
Response Body: {"ID":"5796329e-58a9-4630-91d6-663639a3217d"}


[2025-06-08T10:26:35.119163+00:00] REQUEST to http://10.0.10.140:30100/api/tenants/1747391968051/schema/customers/fields/draft
Payload: {'name': 'language', 'dtype': 'VARCHAR_1000'}
Response Code: 200
Response Body: {"ID":"bd393b35-c5ee-489f-a58f-dd08049aedd7"}


[2025-06-08T10:26:35.133142+00:00] REQUEST to http://10.0.10.140:30100/api/tenants/1747391968051/schema/customers/fields/draft
Payload: {'name': 'preferred_currency', 'dtype': 'VARCHAR_1000'}
Response Code: 200
Response Body: {"ID":"eef7c20a-1c43-4728-b872-ed14d99a6701"}


[2025-06-08T10:26:35.149149+00:00] REQUEST to http://10.0.10.140:30100/api/tenants/1747391968051/schema/customers/fields/draft
Payload: {'name': 'registration_date', 'dtype': 'DATE'}
Response Code: 200
Response Body: {"ID":"187e563a-313b-4dba-90bf-312f445a62d3"}


[2025-06-08T10:26:35.164145+00:00] REQUEST to http://10.0.10.140:30100/api/tenants/1747391968051/schema/customers/fields/draft
Payload: {'name': 'last_login', 'dtype': 'DATETIME'}
Response Code: 200
Response Body: {"ID":"a88c63a8-db62-436b-b445-7d9e49bab468"}


[2025-06-08T10:26:35.179144+00:00] REQUEST to http://10.0.10.140:30100/api/tenants/1747391968051/schema/customers/fields/draft
Payload: {'name': 'loyalty_status', 'dtype': 'VARCHAR_1000'}
Response Code: 200
Response Body: {"ID":"67ab641c-3775-43d6-9434-68eb5db32942"}


[2025-06-08T10:26:35.192156+00:00] REQUEST to http://10.0.10.140:30100/api/tenants/1747391968051/schema/customers/fields/draft
Payload: {'name': 'consent_status', 'dtype': 'BOOL'}
Response Code: 200
Response Body: {"ID":"c5106fda-a6cd-4f9d-9118-17b4eecc5e1c"}


[2025-06-08T10:26:35.205407+00:00] REQUEST to http://10.0.10.140:30100/api/tenants/1747391968051/schema/customers/fields/draft
Payload: {'name': 'marketing_opt_in', 'dtype': 'BOOL'}
Response Code: 200
Response Body: {"ID":"a2262ad4-da73-454e-b5df-5b3905e123d1"}


[2025-06-08T10:26:35.215403+00:00] REQUEST to http://10.0.10.140:30100/api/tenants/1747391968051/schema/events/fields/draft
Payload: {'name': 'purchase', 'dtype': {'event_name': 'VARCHAR_1000', 'event_timestamp': 'DATETIME', 'user_id': 'VARCHAR_1000', 'session_id': 'VARCHAR_1000', 'device_type': 'VARCHAR_1000', 'platform': 'VARCHAR_1000', 'location': 'VARCHAR_1000', 'order_id': 'VARCHAR_1000', 'total_amount': 'BIGINT', 'payment_method': 'VARCHAR_1000', 'items': 'VARCHAR_1000', 'shipping_address': 'VARCHAR_1000'}}
Response Code: 400
Response Body: {"error":"error in openapi3filter.RequestError: request body has an error: doesn't match schema #/components/schemas/AddDraftFieldReq: Error at \"/dtype\": value is not one of the allowed values [\"BOOL\",\"BIGINT\",\"DOUBLE\",\"VARCHAR_1000\",\"DATE\",\"DATETIME\"]"}

[2025-06-08T10:26:35.225413+00:00] REQUEST to http://10.0.10.140:30100/api/tenants/1747391968051/schema/events/fields/draft
Payload: {'name': 'search', 'dtype': {'event_name': 'VARCHAR_1000', 'event_timestamp': 'DATETIME', 'user_id': 'VARCHAR_1000', 'session_id': 'VARCHAR_1000', 'device_type': 'VARCHAR_1000', 'platform': 'VARCHAR_1000', 'location': 'VARCHAR_1000', 'search_term': 'VARCHAR_1000', 'search_category': 'VARCHAR_1000', 'results_count': 'BIGINT'}}
Response Code: 400
Response Body: {"error":"error in openapi3filter.RequestError: request body has an error: doesn't match schema #/components/schemas/AddDraftFieldReq: Error at \"/dtype\": value is not one of the allowed values [\"BOOL\",\"BIGINT\",\"DOUBLE\",\"VARCHAR_1000\",\"DATE\",\"DATETIME\"]"}

[2025-06-08T10:26:35.234411+00:00] REQUEST to http://10.0.10.140:30100/api/tenants/1747391968051/schema/events/fields/draft
Payload: {'name': 'page_view', 'dtype': {'event_name': 'VARCHAR_1000', 'event_timestamp': 'DATETIME', 'user_id': 'VARCHAR_1000', 'session_id': 'VARCHAR_1000', 'device_type': 'VARCHAR_1000', 'platform': 'VARCHAR_1000', 'location': 'VARCHAR_1000', 'url': 'VARCHAR_1000', 'referrer_url': 'VARCHAR_1000', 'page_title': 'VARCHAR_1000', 'duration': 'BIGINT'}}
Response Code: 400
Response Body: {"error":"error in openapi3filter.RequestError: request body has an error: doesn't match schema #/components/schemas/AddDraftFieldReq: Error at \"/dtype\": value is not one of the allowed values [\"BOOL\",\"BIGINT\",\"DOUBLE\",\"VARCHAR_1000\",\"DATE\",\"DATETIME\"]"}

[2025-06-08T10:26:35.243409+00:00] REQUEST to http://10.0.10.140:30100/api/tenants/1747391968051/schema/events/fields/draft
Payload: {'name': 'logout', 'dtype': {'event_name': 'VARCHAR_1000', 'event_timestamp': 'DATETIME', 'user_id': 'VARCHAR_1000', 'session_id': 'VARCHAR_1000', 'device_type': 'VARCHAR_1000', 'platform': 'VARCHAR_1000', 'location': 'VARCHAR_1000', 'login_method': 'VARCHAR_1000', 'success': 'BOOL', 'ip_address': 'VARCHAR_1000'}}
Response Code: 400
Response Body: {"error":"error in openapi3filter.RequestError: request body has an error: doesn't match schema #/components/schemas/AddDraftFieldReq: Error at \"/dtype\": value is not one of the allowed values [\"BOOL\",\"BIGINT\",\"DOUBLE\",\"VARCHAR_1000\",\"DATE\",\"DATETIME\"]"}

[2025-06-08T10:26:35.253406+00:00] REQUEST to http://10.0.10.140:30100/api/tenants/1747391968051/schema/events/fields/draft
Payload: {'name': 'login', 'dtype': {'event_name': 'VARCHAR_1000', 'event_timestamp': 'DATETIME', 'user_id': 'VARCHAR_1000', 'session_id': 'VARCHAR_1000', 'device_type': 'VARCHAR_1000', 'platform': 'VARCHAR_1000', 'location': 'VARCHAR_1000', 'login_method': 'VARCHAR_1000', 'success': 'BOOL', 'ip_address': 'VARCHAR_1000'}}
Response Code: 400
Response Body: {"error":"error in openapi3filter.RequestError: request body has an error: doesn't match schema #/components/schemas/AddDraftFieldReq: Error at \"/dtype\": value is not one of the allowed values [\"BOOL\",\"BIGINT\",\"DOUBLE\",\"VARCHAR_1000\",\"DATE\",\"DATETIME\"]"}

[2025-06-08T10:26:35.304021+00:00] REQUEST to http://10.0.10.140:30100/api/tenants/1747391968051/schema/events/fields/draft
Payload: {'name': 'add_to_cart', 'dtype': {'event_name': 'VARCHAR_1000', 'event_timestamp': 'DATETIME', 'user_id': 'VARCHAR_1000', 'session_id': 'VARCHAR_1000', 'device_type': 'VARCHAR_1000', 'platform': 'VARCHAR_1000', 'location': 'VARCHAR_1000', 'product_id': 'VARCHAR_1000', 'product_name': 'VARCHAR_1000', 'category': 'VARCHAR_1000', 'price': 'BIGINT', 'currency': 'VARCHAR_1000', 'quantity': 'BIGINT', 'cart_id': 'VARCHAR_1000'}}
Response Code: 400
Response Body: {"error":"error in openapi3filter.RequestError: request body has an error: doesn't match schema #/components/schemas/AddDraftFieldReq: Error at \"/dtype\": value is not one of the allowed values [\"BOOL\",\"BIGINT\",\"DOUBLE\",\"VARCHAR_1000\",\"DATE\",\"DATETIME\"]"}

[2025-06-08T10:26:35.320293+00:00] REQUEST to http://10.0.10.140:30100/api/tenants/1747391968051/schema/events/field-mappings
Payload: {'mappings': {'purchase': ['cart_id', 'category', 'currency', 'device_type', 'duration', 'event_timestamp', 'ip_address', 'items', 'location', 'login_method', 'order_id', 'page_title', 'payment_method', 'platform', 'price', 'product_id', 'product_name', 'quantity', 'referrer_url', 'results_count', 'search_category', 'search_term', 'session_id', 'shipping_address', 'success', 'total_amount', 'url', 'user_id'], 'search': ['cart_id', 'category', 'currency', 'device_type', 'duration', 'event_timestamp', 'ip_address', 'items', 'location', 'login_method', 'order_id', 'page_title', 'payment_method', 'platform', 'price', 'product_id', 'product_name', 'quantity', 'referrer_url', 'results_count', 'search_category', 'search_term', 'session_id', 'shipping_address', 'success', 'total_amount', 'url', 'user_id'], 'page_view': ['cart_id', 'category', 'currency', 'device_type', 'duration', 'event_timestamp', 'ip_address', 'items', 'location', 'login_method', 'order_id', 'page_title', 'payment_method', 'platform', 'price', 'product_id', 'product_name', 'quantity', 'referrer_url', 'results_count', 'search_category', 'search_term', 'session_id', 'shipping_address', 'success', 'total_amount', 'url', 'user_id'], 'logout': ['cart_id', 'category', 'currency', 'device_type', 'duration', 'event_timestamp', 'ip_address', 'items', 'location', 'login_method', 'order_id', 'page_title', 'payment_method', 'platform', 'price', 'product_id', 'product_name', 'quantity', 'referrer_url', 'results_count', 'search_category', 'search_term', 'session_id', 'shipping_address', 'success', 'total_amount', 'url', 'user_id'], 'login': ['cart_id', 'category', 'currency', 'device_type', 'duration', 'event_timestamp', 'ip_address', 'items', 'location', 'login_method', 'order_id', 'page_title', 'payment_method', 'platform', 'price', 'product_id', 'product_name', 'quantity', 'referrer_url', 'results_count', 'search_category', 'search_term', 'session_id', 'shipping_address', 'success', 'total_amount', 'url', 'user_id'], 'add_to_cart': ['cart_id', 'category', 'currency', 'device_type', 'duration', 'event_timestamp', 'ip_address', 'items', 'location', 'login_method', 'order_id', 'page_title', 'payment_method', 'platform', 'price', 'product_id', 'product_name', 'quantity', 'referrer_url', 'results_count', 'search_category', 'search_term', 'session_id', 'shipping_address', 'success', 'total_amount', 'url', 'user_id']}}
Response Code: 500
Response Body: {"code":200005,"data":null,"description":"tenant has not complted plan, please contact support"}

[2025-06-09T03:35:46.384191+00:00] REQUEST to http://10.0.10.140:30100/api/tenants/1747391968051/schema/customers/fields/draft
Payload: {'name': 'customer_id', 'dtype': 'VARCHAR_1000'}
Response Code: 500
Response Body: {"code":100002,"data":null,"description":"internal"}

[2025-06-09T03:35:46.405206+00:00] REQUEST to http://10.0.10.140:30100/api/tenants/1747391968051/schema/customers/fields/draft
Payload: {'name': 'external_id', 'dtype': 'VARCHAR_1000'}
Response Code: 500
Response Body: {"code":100002,"data":null,"description":"internal"}

[2025-06-09T03:35:46.422191+00:00] REQUEST to http://10.0.10.140:30100/api/tenants/1747391968051/schema/customers/fields/draft
Payload: {'name': 'email', 'dtype': 'VARCHAR_1000'}
Response Code: 500
Response Body: {"code":100002,"data":null,"description":"internal"}

[2025-06-09T03:35:46.437191+00:00] REQUEST to http://10.0.10.140:30100/api/tenants/1747391968051/schema/customers/fields/draft
Payload: {'name': 'phone_number', 'dtype': 'VARCHAR_1000'}
Response Code: 500
Response Body: {"code":100002,"data":null,"description":"internal"}

[2025-06-09T03:35:46.454190+00:00] REQUEST to http://10.0.10.140:30100/api/tenants/1747391968051/schema/customers/fields/draft
Payload: {'name': 'gender', 'dtype': 'VARCHAR_1000'}
Response Code: 500
Response Body: {"code":100002,"data":null,"description":"internal"}

[2025-06-09T03:35:46.471191+00:00] REQUEST to http://10.0.10.140:30100/api/tenants/1747391968051/schema/customers/fields/draft
Payload: {'name': 'date_of_birth', 'dtype': 'DATE'}
Response Code: 500
Response Body: {"code":100002,"data":null,"description":"internal"}

[2025-06-09T03:35:46.485191+00:00] REQUEST to http://10.0.10.140:30100/api/tenants/1747391968051/schema/customers/fields/draft
Payload: {'name': 'location', 'dtype': 'VARCHAR_1000'}
Response Code: 500
Response Body: {"code":100002,"data":null,"description":"internal"}

[2025-06-09T03:35:46.499190+00:00] REQUEST to http://10.0.10.140:30100/api/tenants/1747391968051/schema/customers/fields/draft
Payload: {'name': 'postal_code', 'dtype': 'BIGINT'}
Response Code: 500
Response Body: {"code":100002,"data":null,"description":"internal"}

[2025-06-09T03:35:46.515198+00:00] REQUEST to http://10.0.10.140:30100/api/tenants/1747391968051/schema/customers/fields/draft
Payload: {'name': 'language', 'dtype': 'VARCHAR_1000'}
Response Code: 500
Response Body: {"code":100002,"data":null,"description":"internal"}

[2025-06-09T03:35:46.528191+00:00] REQUEST to http://10.0.10.140:30100/api/tenants/1747391968051/schema/customers/fields/draft
Payload: {'name': 'preferred_currency', 'dtype': 'VARCHAR_1000'}
Response Code: 500
Response Body: {"code":100002,"data":null,"description":"internal"}

[2025-06-09T03:35:46.542679+00:00] REQUEST to http://10.0.10.140:30100/api/tenants/1747391968051/schema/customers/fields/draft
Payload: {'name': 'registration_date', 'dtype': 'DATE'}
Response Code: 500
Response Body: {"code":100002,"data":null,"description":"internal"}

[2025-06-09T03:35:46.555774+00:00] REQUEST to http://10.0.10.140:30100/api/tenants/1747391968051/schema/customers/fields/draft
Payload: {'name': 'last_login', 'dtype': 'DATETIME'}
Response Code: 500
Response Body: {"code":100002,"data":null,"description":"internal"}

[2025-06-09T03:35:46.569744+00:00] REQUEST to http://10.0.10.140:30100/api/tenants/1747391968051/schema/customers/fields/draft
Payload: {'name': 'loyalty_status', 'dtype': 'VARCHAR_1000'}
Response Code: 500
Response Body: {"code":100002,"data":null,"description":"internal"}

[2025-06-09T03:35:46.583745+00:00] REQUEST to http://10.0.10.140:30100/api/tenants/1747391968051/schema/customers/fields/draft
Payload: {'name': 'consent_status', 'dtype': 'BOOL'}
Response Code: 500
Response Body: {"code":100002,"data":null,"description":"internal"}

[2025-06-09T03:35:46.596743+00:00] REQUEST to http://10.0.10.140:30100/api/tenants/1747391968051/schema/customers/fields/draft
Payload: {'name': 'marketing_opt_in', 'dtype': 'BOOL'}
Response Code: 500
Response Body: {"code":100002,"data":null,"description":"internal"}

[2025-06-09T03:35:46.607702+00:00] REQUEST to http://10.0.10.140:30100/api/tenants/1747391968051/schema/events/fields/draft
Payload: {'name': 'purchase', 'dtype': {'event_name': 'VARCHAR_1000', 'event_timestamp': 'DATETIME', 'user_id': 'VARCHAR_1000', 'session_id': 'VARCHAR_1000', 'device_type': 'VARCHAR_1000', 'platform': 'VARCHAR_1000', 'location': 'VARCHAR_1000', 'order_id': 'VARCHAR_1000', 'total_amount': 'BIGINT', 'payment_method': 'VARCHAR_1000', 'items': 'VARCHAR_1000', 'shipping_address': 'VARCHAR_1000'}}
Response Code: 400
Response Body: {"error":"error in openapi3filter.RequestError: request body has an error: doesn't match schema #/components/schemas/AddDraftFieldReq: Error at \"/dtype\": value is not one of the allowed values [\"BOOL\",\"BIGINT\",\"DOUBLE\",\"VARCHAR_1000\",\"DATE\",\"DATETIME\"]"}

[2025-06-09T03:35:46.617708+00:00] REQUEST to http://10.0.10.140:30100/api/tenants/1747391968051/schema/events/fields/draft
Payload: {'name': 'search', 'dtype': {'event_name': 'VARCHAR_1000', 'event_timestamp': 'DATETIME', 'user_id': 'VARCHAR_1000', 'session_id': 'VARCHAR_1000', 'device_type': 'VARCHAR_1000', 'platform': 'VARCHAR_1000', 'location': 'VARCHAR_1000', 'search_term': 'VARCHAR_1000', 'search_category': 'VARCHAR_1000', 'results_count': 'BIGINT'}}
Response Code: 400
Response Body: {"error":"error in openapi3filter.RequestError: request body has an error: doesn't match schema #/components/schemas/AddDraftFieldReq: Error at \"/dtype\": value is not one of the allowed values [\"BOOL\",\"BIGINT\",\"DOUBLE\",\"VARCHAR_1000\",\"DATE\",\"DATETIME\"]"}

[2025-06-09T03:35:46.627142+00:00] REQUEST to http://10.0.10.140:30100/api/tenants/1747391968051/schema/events/fields/draft
Payload: {'name': 'page_view', 'dtype': {'event_name': 'VARCHAR_1000', 'event_timestamp': 'DATETIME', 'user_id': 'VARCHAR_1000', 'session_id': 'VARCHAR_1000', 'device_type': 'VARCHAR_1000', 'platform': 'VARCHAR_1000', 'location': 'VARCHAR_1000', 'url': 'VARCHAR_1000', 'referrer_url': 'VARCHAR_1000', 'page_title': 'VARCHAR_1000', 'duration': 'BIGINT'}}
Response Code: 400
Response Body: {"error":"error in openapi3filter.RequestError: request body has an error: doesn't match schema #/components/schemas/AddDraftFieldReq: Error at \"/dtype\": value is not one of the allowed values [\"BOOL\",\"BIGINT\",\"DOUBLE\",\"VARCHAR_1000\",\"DATE\",\"DATETIME\"]"}

[2025-06-09T03:35:46.637142+00:00] REQUEST to http://10.0.10.140:30100/api/tenants/1747391968051/schema/events/fields/draft
Payload: {'name': 'logout', 'dtype': {'event_name': 'VARCHAR_1000', 'event_timestamp': 'DATETIME', 'user_id': 'VARCHAR_1000', 'session_id': 'VARCHAR_1000', 'device_type': 'VARCHAR_1000', 'platform': 'VARCHAR_1000', 'location': 'VARCHAR_1000', 'login_method': 'VARCHAR_1000', 'success': 'BOOL', 'ip_address': 'VARCHAR_1000'}}
Response Code: 400
Response Body: {"error":"error in openapi3filter.RequestError: request body has an error: doesn't match schema #/components/schemas/AddDraftFieldReq: Error at \"/dtype\": value is not one of the allowed values [\"BOOL\",\"BIGINT\",\"DOUBLE\",\"VARCHAR_1000\",\"DATE\",\"DATETIME\"]"}

[2025-06-09T03:35:46.645641+00:00] REQUEST to http://10.0.10.140:30100/api/tenants/1747391968051/schema/events/fields/draft
Payload: {'name': 'login', 'dtype': {'event_name': 'VARCHAR_1000', 'event_timestamp': 'DATETIME', 'user_id': 'VARCHAR_1000', 'session_id': 'VARCHAR_1000', 'device_type': 'VARCHAR_1000', 'platform': 'VARCHAR_1000', 'location': 'VARCHAR_1000', 'login_method': 'VARCHAR_1000', 'success': 'BOOL', 'ip_address': 'VARCHAR_1000'}}
Response Code: 400
Response Body: {"error":"error in openapi3filter.RequestError: request body has an error: doesn't match schema #/components/schemas/AddDraftFieldReq: Error at \"/dtype\": value is not one of the allowed values [\"BOOL\",\"BIGINT\",\"DOUBLE\",\"VARCHAR_1000\",\"DATE\",\"DATETIME\"]"}

[2025-06-09T03:35:46.656641+00:00] REQUEST to http://10.0.10.140:30100/api/tenants/1747391968051/schema/events/fields/draft
Payload: {'name': 'add_to_cart', 'dtype': {'event_name': 'VARCHAR_1000', 'event_timestamp': 'DATETIME', 'user_id': 'VARCHAR_1000', 'session_id': 'VARCHAR_1000', 'device_type': 'VARCHAR_1000', 'platform': 'VARCHAR_1000', 'location': 'VARCHAR_1000', 'product_id': 'VARCHAR_1000', 'product_name': 'VARCHAR_1000', 'category': 'VARCHAR_1000', 'price': 'BIGINT', 'currency': 'VARCHAR_1000', 'quantity': 'BIGINT', 'cart_id': 'VARCHAR_1000'}}
Response Code: 400
Response Body: {"error":"error in openapi3filter.RequestError: request body has an error: doesn't match schema #/components/schemas/AddDraftFieldReq: Error at \"/dtype\": value is not one of the allowed values [\"BOOL\",\"BIGINT\",\"DOUBLE\",\"VARCHAR_1000\",\"DATE\",\"DATETIME\"]"}

[2025-06-09T03:35:46.676931+00:00] REQUEST to http://10.0.10.140:30100/api/tenants/1747391968051/schema/events/field-mappings
Payload: {'mappings': {'purchase': ['cart_id', 'category', 'currency', 'device_type', 'duration', 'event_timestamp', 'ip_address', 'items', 'location', 'login_method', 'order_id', 'page_title', 'payment_method', 'platform', 'price', 'product_id', 'product_name', 'quantity', 'referrer_url', 'results_count', 'search_category', 'search_term', 'session_id', 'shipping_address', 'success', 'total_amount', 'url', 'user_id'], 'search': ['cart_id', 'category', 'currency', 'device_type', 'duration', 'event_timestamp', 'ip_address', 'items', 'location', 'login_method', 'order_id', 'page_title', 'payment_method', 'platform', 'price', 'product_id', 'product_name', 'quantity', 'referrer_url', 'results_count', 'search_category', 'search_term', 'session_id', 'shipping_address', 'success', 'total_amount', 'url', 'user_id'], 'page_view': ['cart_id', 'category', 'currency', 'device_type', 'duration', 'event_timestamp', 'ip_address', 'items', 'location', 'login_method', 'order_id', 'page_title', 'payment_method', 'platform', 'price', 'product_id', 'product_name', 'quantity', 'referrer_url', 'results_count', 'search_category', 'search_term', 'session_id', 'shipping_address', 'success', 'total_amount', 'url', 'user_id'], 'logout': ['cart_id', 'category', 'currency', 'device_type', 'duration', 'event_timestamp', 'ip_address', 'items', 'location', 'login_method', 'order_id', 'page_title', 'payment_method', 'platform', 'price', 'product_id', 'product_name', 'quantity', 'referrer_url', 'results_count', 'search_category', 'search_term', 'session_id', 'shipping_address', 'success', 'total_amount', 'url', 'user_id'], 'login': ['cart_id', 'category', 'currency', 'device_type', 'duration', 'event_timestamp', 'ip_address', 'items', 'location', 'login_method', 'order_id', 'page_title', 'payment_method', 'platform', 'price', 'product_id', 'product_name', 'quantity', 'referrer_url', 'results_count', 'search_category', 'search_term', 'session_id', 'shipping_address', 'success', 'total_amount', 'url', 'user_id'], 'add_to_cart': ['cart_id', 'category', 'currency', 'device_type', 'duration', 'event_timestamp', 'ip_address', 'items', 'location', 'login_method', 'order_id', 'page_title', 'payment_method', 'platform', 'price', 'product_id', 'product_name', 'quantity', 'referrer_url', 'results_count', 'search_category', 'search_term', 'session_id', 'shipping_address', 'success', 'total_amount', 'url', 'user_id']}}
Response Code: 500
Response Body: {"code":200005,"data":null,"description":"tenant has not complted plan, please contact support"}

[2025-06-09T06:02:50.694063+00:00] REQUEST to http://10.0.10.140:30100/api/tenants/1747391968051/schema/customers/fields/draft
Payload: {'name': 'customer_id', 'dtype': 'VARCHAR_1000'}
Response Code: 500
Response Body: {"code":100002,"data":null,"description":"internal"}

[2025-06-09T06:12:43.240857+00:00] REQUEST to http://10.0.10.140:30100/api/tenants/1747391968051/schema/customers/fields/draft
Payload: {'name': 'customer_id', 'dtype': 'VARCHAR_1000'}
Response Code: 500
Response Body: {"code":100002,"data":null,"description":"internal"}

[2025-06-09T07:58:26.324555+00:00] REQUEST to http://10.0.10.140:30100/api/tenants/1749452533495/schema/customers/fields/draft
Payload: {'name': 'external_id', 'dtype': 'VARCHAR_1000'}
Response Code: 200
Response Body: {"ID":"e5b2b117-fb38-463a-9baa-d529ea03d408"}


[2025-06-09T07:58:26.346554+00:00] REQUEST to http://10.0.10.140:30100/api/tenants/1749452533495/schema/customers/fields/draft
Payload: {'name': 'phone_number', 'dtype': 'VARCHAR_1000'}
Response Code: 200
Response Body: {"ID":"52ac2bfb-dfc4-4393-a57a-fc5bbf0118d6"}


[2025-06-09T07:58:26.362557+00:00] REQUEST to http://10.0.10.140:30100/api/tenants/1749452533495/schema/customers/fields/draft
Payload: {'name': 'first_name', 'dtype': 'VARCHAR_1000'}
Response Code: 500
Response Body: {"code":100002,"data":null,"description":"internal"}

[2025-06-09T08:17:13.768555+00:00] REQUEST to http://10.0.10.140:30100/api/tenants/1749456962748/schema/customers/fields/draft
Payload: {'name': 'customer_id', 'dtype': 'VARCHAR_1000'}
Response Code: 200
Response Body: {"ID":"213a08bf-beed-40c4-acd4-721cee9d4ca8"}


[2025-06-09T08:17:13.783716+00:00] REQUEST to http://10.0.10.140:30100/api/tenants/1749456962748/schema/customers/fields/draft
Payload: {'name': 'external_id', 'dtype': 'VARCHAR_1000'}
Response Code: 200
Response Body: {"ID":"1575d10b-e99f-4edd-8f84-985f862d8805"}


[2025-06-09T08:17:13.797716+00:00] REQUEST to http://10.0.10.140:30100/api/tenants/1749456962748/schema/customers/fields/draft
Payload: {'name': 'email', 'dtype': 'VARCHAR_1000'}
Response Code: 200
Response Body: {"ID":"8771214d-f0ea-4082-baa6-0e65006a58f1"}


[2025-06-09T08:17:13.811916+00:00] REQUEST to http://10.0.10.140:30100/api/tenants/1749456962748/schema/customers/fields/draft
Payload: {'name': 'phone_number', 'dtype': 'VARCHAR_1000'}
Response Code: 200
Response Body: {"ID":"c4438f91-54eb-45ef-8363-6f95b91873cb"}


[2025-06-09T08:17:13.825125+00:00] REQUEST to http://10.0.10.140:30100/api/tenants/1749456962748/schema/customers/fields/draft
Payload: {'name': 'date_of_birth', 'dtype': 'DATE'}
Response Code: 200
Response Body: {"ID":"50fddcdb-88c3-4557-a4a3-c1d4b59b0386"}


[2025-06-09T08:17:13.840091+00:00] REQUEST to http://10.0.10.140:30100/api/tenants/1749456962748/schema/customers/fields/draft
Payload: {'name': 'location', 'dtype': 'VARCHAR_1000'}
Response Code: 200
Response Body: {"ID":"8286367b-dd11-485d-99a6-e67bb4a2f75a"}


[2025-06-09T08:17:13.853247+00:00] REQUEST to http://10.0.10.140:30100/api/tenants/1749456962748/schema/customers/fields/draft
Payload: {'name': 'postal_code', 'dtype': 'BIGINT'}
Response Code: 200
Response Body: {"ID":"582f7d90-069b-4fbf-8a4e-ba3d0742f789"}


[2025-06-09T08:17:13.867492+00:00] REQUEST to http://10.0.10.140:30100/api/tenants/1749456962748/schema/customers/fields/draft
Payload: {'name': 'language', 'dtype': 'VARCHAR_1000'}
Response Code: 200
Response Body: {"ID":"cb7f12bf-0371-4b80-866a-a04debc83322"}


[2025-06-09T08:17:13.883502+00:00] REQUEST to http://10.0.10.140:30100/api/tenants/1749456962748/schema/customers/fields/draft
Payload: {'name': 'preferred_currency', 'dtype': 'VARCHAR_1000'}
Response Code: 200
Response Body: {"ID":"74796c60-45a4-45a0-bc41-d807e66065d5"}


[2025-06-09T08:17:13.896492+00:00] REQUEST to http://10.0.10.140:30100/api/tenants/1749456962748/schema/customers/fields/draft
Payload: {'name': 'registration_date', 'dtype': 'DATE'}
Response Code: 200
Response Body: {"ID":"224337a4-50c7-4d6a-944b-5592d24574b3"}


[2025-06-09T08:17:13.911080+00:00] REQUEST to http://10.0.10.140:30100/api/tenants/1749456962748/schema/customers/fields/draft
Payload: {'name': 'last_login', 'dtype': 'DATETIME'}
Response Code: 200
Response Body: {"ID":"21697c2e-d39e-481c-9af1-2e046d21e87b"}


[2025-06-09T08:17:13.926049+00:00] REQUEST to http://10.0.10.140:30100/api/tenants/1749456962748/schema/customers/fields/draft
Payload: {'name': 'loyalty_status', 'dtype': 'VARCHAR_1000'}
Response Code: 200
Response Body: {"ID":"2935c5ff-cb64-429a-a470-5da1bdd3d3d7"}


[2025-06-09T08:17:13.940082+00:00] REQUEST to http://10.0.10.140:30100/api/tenants/1749456962748/schema/customers/fields/draft
Payload: {'name': 'consent_status', 'dtype': 'BOOL'}
Response Code: 200
Response Body: {"ID":"adc7042b-2d1b-4f23-8b3f-e47e51deaa58"}


[2025-06-09T08:17:13.952360+00:00] REQUEST to http://10.0.10.140:30100/api/tenants/1749456962748/schema/customers/fields/draft
Payload: {'name': 'marketing_opt_in', 'dtype': 'BOOL'}
Response Code: 200
Response Body: {"ID":"46a5bf1d-4049-4440-8da0-0939228cccc0"}


[2025-06-09T08:17:13.984779+00:00] REQUEST to http://10.0.10.140:30100/api/tenants/1749456962748/schema/events/fields/draft
Payload: {'name': 'event_name', 'dtype': 'VARCHAR_1000'}
Response Code: 200
Response Body: {"ID":"01b8c73d-c9b4-43a0-9837-8dfd9b816c63"}


[2025-06-09T08:17:13.999823+00:00] REQUEST to http://10.0.10.140:30100/api/tenants/1749456962748/schema/events/fields/draft
Payload: {'name': 'event_timestamp', 'dtype': 'DATETIME'}
Response Code: 200
Response Body: {"ID":"2e13bd18-5e39-43cd-9988-6c8874f91cb7"}


[2025-06-09T08:17:14.014824+00:00] REQUEST to http://10.0.10.140:30100/api/tenants/1749456962748/schema/events/fields/draft
Payload: {'name': 'device_type', 'dtype': 'VARCHAR_1000'}
Response Code: 200
Response Body: {"ID":"797a02f3-e5e3-42ec-896a-88c4498b154b"}


[2025-06-09T08:17:14.028828+00:00] REQUEST to http://10.0.10.140:30100/api/tenants/1749456962748/schema/events/fields/draft
Payload: {'name': 'platform', 'dtype': 'VARCHAR_1000'}
Response Code: 200
Response Body: {"ID":"1166d248-bea1-4eb2-929e-9d50a49075d3"}


[2025-06-09T08:17:14.043239+00:00] REQUEST to http://10.0.10.140:30100/api/tenants/1749456962748/schema/events/fields/draft
Payload: {'name': 'location', 'dtype': 'VARCHAR_1000'}
Response Code: 200
Response Body: {"ID":"3941e531-dadb-422b-939f-03b54747f5bd"}


[2025-06-09T08:17:14.065351+00:00] REQUEST to http://10.0.10.140:30100/api/tenants/1749456962748/schema/events/fields/draft
Payload: {'name': 'order_id', 'dtype': 'VARCHAR_1000'}
Response Code: 200
Response Body: {"ID":"f1aa0048-26db-4838-b4aa-934be8a6ad9d"}


[2025-06-09T08:17:14.084350+00:00] REQUEST to http://10.0.10.140:30100/api/tenants/1749456962748/schema/events/fields/draft
Payload: {'name': 'total_amount', 'dtype': 'BIGINT'}
Response Code: 200
Response Body: {"ID":"35faa824-8688-4f53-9171-b0178eb68c6a"}


[2025-06-09T08:17:14.100417+00:00] REQUEST to http://10.0.10.140:30100/api/tenants/1749456962748/schema/events/fields/draft
Payload: {'name': 'payment_method', 'dtype': 'VARCHAR_1000'}
Response Code: 200
Response Body: {"ID":"a3cd83b7-7fec-4974-a50a-ee5142f06e93"}


[2025-06-09T08:17:14.114388+00:00] REQUEST to http://10.0.10.140:30100/api/tenants/1749456962748/schema/events/fields/draft
Payload: {'name': 'items', 'dtype': 'VARCHAR_1000'}
Response Code: 200
Response Body: {"ID":"c681c31e-eee2-4c23-bd4a-99f78e9493e6"}


[2025-06-09T08:17:14.130388+00:00] REQUEST to http://10.0.10.140:30100/api/tenants/1749456962748/schema/events/fields/draft
Payload: {'name': 'shipping_address', 'dtype': 'VARCHAR_1000'}
Response Code: 200
Response Body: {"ID":"0c5ab26a-3cd3-4a32-9689-e91f9da31382"}


[2025-06-09T08:17:14.145803+00:00] REQUEST to http://10.0.10.140:30100/api/tenants/1749456962748/schema/events/fields/draft
Payload: {'name': 'event_name', 'dtype': 'VARCHAR_1000'}
Response Code: 500
Response Body: {"code":100002,"data":null,"description":"internal"}

[2025-06-09T08:17:55.826180+00:00] REQUEST to http://10.0.10.140:30100/api/tenants/1749456962748/schema/events/fields/draft
Payload: {'name': 'url', 'dtype': 'VARCHAR_1000'}
Response Code: 200
Response Body: {"ID":"1ba383b9-b645-450e-9ea0-e1b8e1fae82b"}


[2025-06-09T08:17:55.840208+00:00] REQUEST to http://10.0.10.140:30100/api/tenants/1749456962748/schema/events/fields/draft
Payload: {'name': 'referrer_url', 'dtype': 'VARCHAR_1000'}
Response Code: 200
Response Body: {"ID":"176ec655-3024-42a2-874b-a2bdd54cf462"}


[2025-06-09T08:17:55.857509+00:00] REQUEST to http://10.0.10.140:30100/api/tenants/1749456962748/schema/events/fields/draft
Payload: {'name': 'page_title', 'dtype': 'VARCHAR_1000'}
Response Code: 200
Response Body: {"ID":"95601046-46d0-4258-8bcb-4173a6d64529"}


[2025-06-09T08:17:55.872510+00:00] REQUEST to http://10.0.10.140:30100/api/tenants/1749456962748/schema/events/fields/draft
Payload: {'name': 'duration', 'dtype': 'BIGINT'}
Response Code: 200
Response Body: {"ID":"f572ec83-bfe5-4999-a3b2-d8e51e472852"}


[2025-06-09T08:17:55.887982+00:00] REQUEST to http://10.0.10.140:30100/api/tenants/1749456962748/schema/events/fields/draft
Payload: {'name': 'product_name', 'dtype': 'VARCHAR_1000'}
Response Code: 200
Response Body: {"ID":"9e825f9c-3679-429e-9ec1-b1ac458fbfbd"}


[2025-06-09T08:17:55.901947+00:00] REQUEST to http://10.0.10.140:30100/api/tenants/1749456962748/schema/events/fields/draft
Payload: {'name': 'category', 'dtype': 'VARCHAR_1000'}
Response Code: 200
Response Body: {"ID":"4d34e6fe-1eea-4195-8f8e-a00b6e5d88eb"}


[2025-06-09T08:17:55.915008+00:00] REQUEST to http://10.0.10.140:30100/api/tenants/1749456962748/schema/events/fields/draft
Payload: {'name': 'price', 'dtype': 'BIGINT'}
Response Code: 200
Response Body: {"ID":"6b16bef1-0a13-4de8-a303-cb49cbf187c0"}


[2025-06-09T08:17:55.930547+00:00] REQUEST to http://10.0.10.140:30100/api/tenants/1749456962748/schema/events/fields/draft
Payload: {'name': 'currency', 'dtype': 'VARCHAR_1000'}
Response Code: 200
Response Body: {"ID":"1561bc13-a41a-40ba-8526-e5ee8927b596"}


[2025-06-09T08:17:55.943211+00:00] REQUEST to http://10.0.10.140:30100/api/tenants/1749456962748/schema/events/fields/draft
Payload: {'name': 'cart_id', 'dtype': 'VARCHAR_1000'}
Response Code: 200
Response Body: {"ID":"595a9986-ba58-4746-92b6-4cd74b510f41"}


[2025-06-09T08:17:55.956210+00:00] REQUEST to http://10.0.10.140:30100/api/tenants/1749456962748/schema/events/fields/draft
Payload: {'name': 'login_method', 'dtype': 'VARCHAR_1000'}
Response Code: 200
Response Body: {"ID":"13c30ab9-0245-4a8d-b43f-a9f6a0f31c61"}


[2025-06-09T08:17:55.968758+00:00] REQUEST to http://10.0.10.140:30100/api/tenants/1749456962748/schema/events/fields/draft
Payload: {'name': 'success', 'dtype': 'BOOL'}
Response Code: 200
Response Body: {"ID":"a8d4fbef-0b16-4cfb-a54a-328d669c274b"}


[2025-06-09T08:17:55.982719+00:00] REQUEST to http://10.0.10.140:30100/api/tenants/1749456962748/schema/events/fields/draft
Payload: {'name': 'ip_address', 'dtype': 'VARCHAR_1000'}
Response Code: 200
Response Body: {"ID":"6af243eb-2a0a-4498-a17a-f15cbfe98571"}


[2025-06-09T08:17:55.996044+00:00] REQUEST to http://10.0.10.140:30100/api/tenants/1749456962748/schema/events/fields/draft
Payload: {'name': 'search_term', 'dtype': 'VARCHAR_1000'}
Response Code: 200
Response Body: {"ID":"3c5152e1-4e52-43e3-bd5f-f2cd558c737a"}


[2025-06-09T08:17:56.008943+00:00] REQUEST to http://10.0.10.140:30100/api/tenants/1749456962748/schema/events/fields/draft
Payload: {'name': 'search_category', 'dtype': 'VARCHAR_1000'}
Response Code: 200
Response Body: {"ID":"40b0f1dd-d8c0-4ae5-ba7e-9da9c3488a63"}


[2025-06-09T08:17:56.022051+00:00] REQUEST to http://10.0.10.140:30100/api/tenants/1749456962748/schema/events/fields/draft
Payload: {'name': 'results_count', 'dtype': 'BIGINT'}
Response Code: 200
Response Body: {"ID":"af1a65a2-ca28-49e5-ae0e-a625de6bbe91"}


[2025-06-09T08:17:56.035173+00:00] REQUEST to http://10.0.10.140:30100/api/tenants/1749456962748/schema/events/fields/draft
Payload: {'name': 'login_method', 'dtype': 'VARCHAR_1000'}
Response Code: 500
Response Body: {"code":100002,"data":null,"description":"internal"}

[2025-06-09T08:21:17.019452+00:00] REQUEST to http://10.0.10.140:30100/api/tenants/1749456962748/schema/events/field-mappings
Payload: {'mappings': [{'event_name': 'purchase', 'field_name': 'payment_method'}, {'event_name': 'purchase', 'field_name': 'shipping_address'}, {'event_name': 'purchase', 'field_name': 'items'}, {'event_name': 'purchase', 'field_name': 'platform'}, {'event_name': 'purchase', 'field_name': 'event_timestamp'}, {'event_name': 'purchase', 'field_name': 'total_amount'}, {'event_name': 'purchase', 'field_name': 'device_type'}, {'event_name': 'purchase', 'field_name': 'location'}, {'event_name': 'purchase', 'field_name': 'order_id'}, {'event_name': 'page_view', 'field_name': 'referrer_url'}, {'event_name': 'page_view', 'field_name': 'platform'}, {'event_name': 'page_view', 'field_name': 'event_timestamp'}, {'event_name': 'page_view', 'field_name': 'page_title'}, {'event_name': 'page_view', 'field_name': 'duration'}, {'event_name': 'page_view', 'field_name': 'device_type'}, {'event_name': 'page_view', 'field_name': 'location'}, {'event_name': 'page_view', 'field_name': 'url'}, {'event_name': 'add_to_cart', 'field_name': 'category'}, {'event_name': 'add_to_cart', 'field_name': 'price'}, {'event_name': 'add_to_cart', 'field_name': 'currency'}, {'event_name': 'add_to_cart', 'field_name': 'platform'}, {'event_name': 'add_to_cart', 'field_name': 'event_timestamp'}, {'event_name': 'add_to_cart', 'field_name': 'device_type'}, {'event_name': 'add_to_cart', 'field_name': 'location'}, {'event_name': 'add_to_cart', 'field_name': 'cart_id'}, {'event_name': 'add_to_cart', 'field_name': 'product_name'}, {'event_name': 'logout', 'field_name': 'success'}, {'event_name': 'logout', 'field_name': 'user_id'}, {'event_name': 'logout', 'field_name': 'platform'}, {'event_name': 'logout', 'field_name': 'event_timestamp'}, {'event_name': 'logout', 'field_name': 'session_id'}, {'event_name': 'logout', 'field_name': 'login_method'}, {'event_name': 'logout', 'field_name': 'ip_address'}, {'event_name': 'logout', 'field_name': 'device_type'}, {'event_name': 'logout', 'field_name': 'location'}, {'event_name': 'search', 'field_name': 'results_count'}, {'event_name': 'search', 'field_name': 'user_id'}, {'event_name': 'search', 'field_name': 'search_term'}, {'event_name': 'search', 'field_name': 'platform'}, {'event_name': 'search', 'field_name': 'search_category'}, {'event_name': 'search', 'field_name': 'event_timestamp'}, {'event_name': 'search', 'field_name': 'session_id'}, {'event_name': 'search', 'field_name': 'device_type'}, {'event_name': 'search', 'field_name': 'location'}, {'event_name': 'login', 'field_name': 'success'}, {'event_name': 'login', 'field_name': 'user_id'}, {'event_name': 'login', 'field_name': 'platform'}, {'event_name': 'login', 'field_name': 'event_timestamp'}, {'event_name': 'login', 'field_name': 'session_id'}, {'event_name': 'login', 'field_name': 'login_method'}, {'event_name': 'login', 'field_name': 'ip_address'}, {'event_name': 'login', 'field_name': 'device_type'}, {'event_name': 'login', 'field_name': 'location'}]}
Response Code: 400
Response Body: {"error":"error in openapi3filter.RequestError: request body has an error: doesn't match schema #/components/schemas/EventTypeAddMappingReq: Error at \"/mappings\": value must be an object"}

[2025-06-09T08:23:03.520886+00:00] REQUEST to http://10.0.10.140:30100/api/tenants/1749456962748/schema/events/field-mappings
Payload: {
  "mappings": {
    "purchase": [
      "payment_method",
      "shipping_address",
      "items",
      "platform",
      "event_timestamp",
      "total_amount",
      "device_type",
      "location",
      "order_id"
    ],
    "page_view": [
      "referrer_url",
      "platform",
      "event_timestamp",
      "page_title",
      "duration",
      "device_type",
      "location",
      "url"
    ],
    "add_to_cart": [
      "category",
      "price",
      "currency",
      "platform",
      "event_timestamp",
      "device_type",
      "location",
      "cart_id",
      "product_name"
    ],
    "logout": [
      "success",
      "user_id",
      "platform",
      "event_timestamp",
      "session_id",
      "login_method",
      "ip_address",
      "device_type",
      "location"
    ],
    "search": [
      "results_count",
      "user_id",
      "search_term",
      "platform",
      "search_category",
      "event_timestamp",
      "session_id",
      "device_type",
      "location"
    ],
    "login": [
      "success",
      "user_id",
      "platform",
      "event_timestamp",
      "session_id",
      "login_method",
      "ip_address",
      "device_type",
      "location"
    ]
  }
}
Response Code: 204
Response Body: 
